Start testing: Dec 22 16:57 中国标准时间
----------------------------------------------------------
1/961 Testing: ucunit
1/961 Test: ucunit
Command: "D:/MSYS2/download/SylixOS_cyclonedds/cyclonedds/sylixOS_ddsc/bin/test_ucunit"
Directory: D:/MSYS2/download/SylixOS_cyclonedds/cyclonedds/sylixOS_ddsc/src/ucunit
"ucunit" start time: Dec 22 16:57 中国标准时间
Output:
----------------------------------------------------------
<end of output>
Test time =   0.00 sec
----------------------------------------------------------
Test Failed.
"ucunit" end time: Dec 22 16:57 中国标准时间
"ucunit" time elapsed: 00:00:00
----------------------------------------------------------

2/961 Testing: CUnit_ddsrt_atomics_load_store
2/961 Test: CUnit_ddsrt_atomics_load_store
Command: "D:/MSYS2/download/SylixOS_cyclonedds/cyclonedds/sylixOS_ddsc/bin/cunit_ddsrt" "-s" "ddsrt_atomics" "-t" "load_store"
Directory: D:/MSYS2/download/SylixOS_cyclonedds/cyclonedds/sylixOS_ddsc/src/ddsrt/tests
"CUnit_ddsrt_atomics_load_store" start time: Dec 22 16:57 中国标准时间
Output:
----------------------------------------------------------
<end of output>
Test time =   0.00 sec
----------------------------------------------------------
Test Failed.
"CUnit_ddsrt_atomics_load_store" end time: Dec 22 16:57 中国标准时间
"CUnit_ddsrt_atomics_load_store" time elapsed: 00:00:00
----------------------------------------------------------

3/961 Testing: CUnit_ddsrt_atomics_compare_and_swap
3/961 Test: CUnit_ddsrt_atomics_compare_and_swap
Command: "D:/MSYS2/download/SylixOS_cyclonedds/cyclonedds/sylixOS_ddsc/bin/cunit_ddsrt" "-s" "ddsrt_atomics" "-t" "compare_and_swap"
Directory: D:/MSYS2/download/SylixOS_cyclonedds/cyclonedds/sylixOS_ddsc/src/ddsrt/tests
"CUnit_ddsrt_atomics_compare_and_swap" start time: Dec 22 16:57 中国标准时间
Output:
----------------------------------------------------------
<end of output>
Test time =   0.00 sec
----------------------------------------------------------
Test Failed.
"CUnit_ddsrt_atomics_compare_and_swap" end time: Dec 22 16:57 中国标准时间
"CUnit_ddsrt_atomics_compare_and_swap" time elapsed: 00:00:00
----------------------------------------------------------

4/961 Testing: CUnit_ddsrt_atomics_increment
4/961 Test: CUnit_ddsrt_atomics_increment
Command: "D:/MSYS2/download/SylixOS_cyclonedds/cyclonedds/sylixOS_ddsc/bin/cunit_ddsrt" "-s" "ddsrt_atomics" "-t" "increment"
Directory: D:/MSYS2/download/SylixOS_cyclonedds/cyclonedds/sylixOS_ddsc/src/ddsrt/tests
"CUnit_ddsrt_atomics_increment" start time: Dec 22 16:57 中国标准时间
Output:
----------------------------------------------------------
<end of output>
Test time =   0.00 sec
----------------------------------------------------------
Test Failed.
"CUnit_ddsrt_atomics_increment" end time: Dec 22 16:57 中国标准时间
"CUnit_ddsrt_atomics_increment" time elapsed: 00:00:00
----------------------------------------------------------

5/961 Testing: CUnit_ddsrt_atomics_decrement
5/961 Test: CUnit_ddsrt_atomics_decrement
Command: "D:/MSYS2/download/SylixOS_cyclonedds/cyclonedds/sylixOS_ddsc/bin/cunit_ddsrt" "-s" "ddsrt_atomics" "-t" "decrement"
Directory: D:/MSYS2/download/SylixOS_cyclonedds/cyclonedds/sylixOS_ddsc/src/ddsrt/tests
"CUnit_ddsrt_atomics_decrement" start time: Dec 22 16:57 中国标准时间
Output:
----------------------------------------------------------
<end of output>
Test time =   0.00 sec
----------------------------------------------------------
Test Failed.
"CUnit_ddsrt_atomics_decrement" end time: Dec 22 16:57 中国标准时间
"CUnit_ddsrt_atomics_decrement" time elapsed: 00:00:00
----------------------------------------------------------

6/961 Testing: CUnit_ddsrt_atomics_add
6/961 Test: CUnit_ddsrt_atomics_add
Command: "D:/MSYS2/download/SylixOS_cyclonedds/cyclonedds/sylixOS_ddsc/bin/cunit_ddsrt" "-s" "ddsrt_atomics" "-t" "add"
Directory: D:/MSYS2/download/SylixOS_cyclonedds/cyclonedds/sylixOS_ddsc/src/ddsrt/tests
"CUnit_ddsrt_atomics_add" start time: Dec 22 16:57 中国标准时间
Output:
----------------------------------------------------------
<end of output>
Test time =   0.00 sec
----------------------------------------------------------
Test Failed.
"CUnit_ddsrt_atomics_add" end time: Dec 22 16:57 中国标准时间
"CUnit_ddsrt_atomics_add" time elapsed: 00:00:00
----------------------------------------------------------

7/961 Testing: CUnit_ddsrt_atomics_subtract
7/961 Test: CUnit_ddsrt_atomics_subtract
Command: "D:/MSYS2/download/SylixOS_cyclonedds/cyclonedds/sylixOS_ddsc/bin/cunit_ddsrt" "-s" "ddsrt_atomics" "-t" "subtract"
Directory: D:/MSYS2/download/SylixOS_cyclonedds/cyclonedds/sylixOS_ddsc/src/ddsrt/tests
"CUnit_ddsrt_atomics_subtract" start time: Dec 22 16:57 中国标准时间
Output:
----------------------------------------------------------
<end of output>
Test time =   0.00 sec
----------------------------------------------------------
Test Failed.
"CUnit_ddsrt_atomics_subtract" end time: Dec 22 16:57 中国标准时间
"CUnit_ddsrt_atomics_subtract" time elapsed: 00:00:00
----------------------------------------------------------

8/961 Testing: CUnit_ddsrt_atomics_and
8/961 Test: CUnit_ddsrt_atomics_and
Command: "D:/MSYS2/download/SylixOS_cyclonedds/cyclonedds/sylixOS_ddsc/bin/cunit_ddsrt" "-s" "ddsrt_atomics" "-t" "and"
Directory: D:/MSYS2/download/SylixOS_cyclonedds/cyclonedds/sylixOS_ddsc/src/ddsrt/tests
"CUnit_ddsrt_atomics_and" start time: Dec 22 16:57 中国标准时间
Output:
----------------------------------------------------------
<end of output>
Test time =   0.00 sec
----------------------------------------------------------
Test Failed.
"CUnit_ddsrt_atomics_and" end time: Dec 22 16:57 中国标准时间
"CUnit_ddsrt_atomics_and" time elapsed: 00:00:00
----------------------------------------------------------

9/961 Testing: CUnit_ddsrt_atomics_or
9/961 Test: CUnit_ddsrt_atomics_or
Command: "D:/MSYS2/download/SylixOS_cyclonedds/cyclonedds/sylixOS_ddsc/bin/cunit_ddsrt" "-s" "ddsrt_atomics" "-t" "or"
Directory: D:/MSYS2/download/SylixOS_cyclonedds/cyclonedds/sylixOS_ddsc/src/ddsrt/tests
"CUnit_ddsrt_atomics_or" start time: Dec 22 16:57 中国标准时间
Output:
----------------------------------------------------------
<end of output>
Test time =   0.00 sec
----------------------------------------------------------
Test Failed.
"CUnit_ddsrt_atomics_or" end time: Dec 22 16:57 中国标准时间
"CUnit_ddsrt_atomics_or" time elapsed: 00:00:00
----------------------------------------------------------

10/961 Testing: CUnit_ddsrt_bits_ffs32u
10/961 Test: CUnit_ddsrt_bits_ffs32u
Command: "D:/MSYS2/download/SylixOS_cyclonedds/cyclonedds/sylixOS_ddsc/bin/cunit_ddsrt" "-s" "ddsrt_bits" "-t" "ffs32u"
Directory: D:/MSYS2/download/SylixOS_cyclonedds/cyclonedds/sylixOS_ddsc/src/ddsrt/tests
"CUnit_ddsrt_bits_ffs32u" start time: Dec 22 16:57 中国标准时间
Output:
----------------------------------------------------------
<end of output>
Test time =   0.00 sec
----------------------------------------------------------
Test Failed.
"CUnit_ddsrt_bits_ffs32u" end time: Dec 22 16:57 中国标准时间
"CUnit_ddsrt_bits_ffs32u" time elapsed: 00:00:00
----------------------------------------------------------

11/961 Testing: CUnit_ddsrt_environ_setenv
11/961 Test: CUnit_ddsrt_environ_setenv
Command: "D:/MSYS2/download/SylixOS_cyclonedds/cyclonedds/sylixOS_ddsc/bin/cunit_ddsrt" "-s" "ddsrt_environ" "-t" "setenv"
Directory: D:/MSYS2/download/SylixOS_cyclonedds/cyclonedds/sylixOS_ddsc/src/ddsrt/tests
"CUnit_ddsrt_environ_setenv" start time: Dec 22 16:57 中国标准时间
Output:
----------------------------------------------------------
<end of output>
Test time =   0.00 sec
----------------------------------------------------------
Test Failed.
"CUnit_ddsrt_environ_setenv" end time: Dec 22 16:57 中国标准时间
"CUnit_ddsrt_environ_setenv" time elapsed: 00:00:00
----------------------------------------------------------

12/961 Testing: CUnit_ddsrt_environ_getenv
12/961 Test: CUnit_ddsrt_environ_getenv
Command: "D:/MSYS2/download/SylixOS_cyclonedds/cyclonedds/sylixOS_ddsc/bin/cunit_ddsrt" "-s" "ddsrt_environ" "-t" "getenv"
Directory: D:/MSYS2/download/SylixOS_cyclonedds/cyclonedds/sylixOS_ddsc/src/ddsrt/tests
"CUnit_ddsrt_environ_getenv" start time: Dec 22 16:57 中国标准时间
Output:
----------------------------------------------------------
<end of output>
Test time =   0.00 sec
----------------------------------------------------------
Test Failed.
"CUnit_ddsrt_environ_getenv" end time: Dec 22 16:57 中国标准时间
"CUnit_ddsrt_environ_getenv" time elapsed: 00:00:00
----------------------------------------------------------

13/961 Testing: CUnit_ddsrt_environ_bad_name
13/961 Test: CUnit_ddsrt_environ_bad_name
Command: "D:/MSYS2/download/SylixOS_cyclonedds/cyclonedds/sylixOS_ddsc/bin/cunit_ddsrt" "-s" "ddsrt_environ" "-t" "bad_name"
Directory: D:/MSYS2/download/SylixOS_cyclonedds/cyclonedds/sylixOS_ddsc/src/ddsrt/tests
"CUnit_ddsrt_environ_bad_name" start time: Dec 22 16:57 中国标准时间
Output:
----------------------------------------------------------
<end of output>
Test time =   0.00 sec
----------------------------------------------------------
Test Failed.
"CUnit_ddsrt_environ_bad_name" end time: Dec 22 16:57 中国标准时间
"CUnit_ddsrt_environ_bad_name" time elapsed: 00:00:00
----------------------------------------------------------

14/961 Testing: CUnit_ddsrt_environ_expand
14/961 Test: CUnit_ddsrt_environ_expand
Command: "D:/MSYS2/download/SylixOS_cyclonedds/cyclonedds/sylixOS_ddsc/bin/cunit_ddsrt" "-s" "ddsrt_environ" "-t" "expand"
Directory: D:/MSYS2/download/SylixOS_cyclonedds/cyclonedds/sylixOS_ddsc/src/ddsrt/tests
"CUnit_ddsrt_environ_expand" start time: Dec 22 16:57 中国标准时间
Output:
----------------------------------------------------------
<end of output>
Test time =   0.00 sec
----------------------------------------------------------
Test Failed.
"CUnit_ddsrt_environ_expand" end time: Dec 22 16:57 中国标准时间
"CUnit_ddsrt_environ_expand" time elapsed: 00:00:00
----------------------------------------------------------

15/961 Testing: CUnit_ddsrt_environ_expand_sh
15/961 Test: CUnit_ddsrt_environ_expand_sh
Command: "D:/MSYS2/download/SylixOS_cyclonedds/cyclonedds/sylixOS_ddsc/bin/cunit_ddsrt" "-s" "ddsrt_environ" "-t" "expand_sh"
Directory: D:/MSYS2/download/SylixOS_cyclonedds/cyclonedds/sylixOS_ddsc/src/ddsrt/tests
"CUnit_ddsrt_environ_expand_sh" start time: Dec 22 16:57 中国标准时间
Output:
----------------------------------------------------------
<end of output>
Test time =   0.00 sec
----------------------------------------------------------
Test Failed.
"CUnit_ddsrt_environ_expand_sh" end time: Dec 22 16:57 中国标准时间
"CUnit_ddsrt_environ_expand_sh" time elapsed: 00:00:00
----------------------------------------------------------

16/961 Testing: CUnit_ddsrt_heap_malloc
16/961 Test: CUnit_ddsrt_heap_malloc
Command: "D:/MSYS2/download/SylixOS_cyclonedds/cyclonedds/sylixOS_ddsc/bin/cunit_ddsrt" "-s" "ddsrt_heap" "-t" "malloc"
Directory: D:/MSYS2/download/SylixOS_cyclonedds/cyclonedds/sylixOS_ddsc/src/ddsrt/tests
"CUnit_ddsrt_heap_malloc" start time: Dec 22 16:57 中国标准时间
Output:
----------------------------------------------------------
<end of output>
Test time =   0.00 sec
----------------------------------------------------------
Test Failed.
"CUnit_ddsrt_heap_malloc" end time: Dec 22 16:57 中国标准时间
"CUnit_ddsrt_heap_malloc" time elapsed: 00:00:00
----------------------------------------------------------

17/961 Testing: CUnit_ddsrt_heap_calloc
17/961 Test: CUnit_ddsrt_heap_calloc
Command: "D:/MSYS2/download/SylixOS_cyclonedds/cyclonedds/sylixOS_ddsc/bin/cunit_ddsrt" "-s" "ddsrt_heap" "-t" "calloc"
Directory: D:/MSYS2/download/SylixOS_cyclonedds/cyclonedds/sylixOS_ddsc/src/ddsrt/tests
"CUnit_ddsrt_heap_calloc" start time: Dec 22 16:57 中国标准时间
Output:
----------------------------------------------------------
<end of output>
Test time =   0.00 sec
----------------------------------------------------------
Test Failed.
"CUnit_ddsrt_heap_calloc" end time: Dec 22 16:57 中国标准时间
"CUnit_ddsrt_heap_calloc" time elapsed: 00:00:00
----------------------------------------------------------

18/961 Testing: CUnit_ddsrt_heap_realloc
18/961 Test: CUnit_ddsrt_heap_realloc
Command: "D:/MSYS2/download/SylixOS_cyclonedds/cyclonedds/sylixOS_ddsc/bin/cunit_ddsrt" "-s" "ddsrt_heap" "-t" "realloc"
Directory: D:/MSYS2/download/SylixOS_cyclonedds/cyclonedds/sylixOS_ddsc/src/ddsrt/tests
"CUnit_ddsrt_heap_realloc" start time: Dec 22 16:57 中国标准时间
Output:
----------------------------------------------------------
<end of output>
Test time =   0.00 sec
----------------------------------------------------------
Test Failed.
"CUnit_ddsrt_heap_realloc" end time: Dec 22 16:57 中国标准时间
"CUnit_ddsrt_heap_realloc" time elapsed: 00:00:00
----------------------------------------------------------

19/961 Testing: CUnit_ddsrt_heap_malloc_s
19/961 Test: CUnit_ddsrt_heap_malloc_s
Command: "D:/MSYS2/download/SylixOS_cyclonedds/cyclonedds/sylixOS_ddsc/bin/cunit_ddsrt" "-s" "ddsrt_heap" "-t" "malloc_s"
Directory: D:/MSYS2/download/SylixOS_cyclonedds/cyclonedds/sylixOS_ddsc/src/ddsrt/tests
"CUnit_ddsrt_heap_malloc_s" start time: Dec 22 16:57 中国标准时间
Output:
----------------------------------------------------------
<end of output>
Test time =   0.00 sec
----------------------------------------------------------
Test Failed.
"CUnit_ddsrt_heap_malloc_s" end time: Dec 22 16:57 中国标准时间
"CUnit_ddsrt_heap_malloc_s" time elapsed: 00:00:00
----------------------------------------------------------

20/961 Testing: CUnit_ddsrt_heap_calloc_s
20/961 Test: CUnit_ddsrt_heap_calloc_s
Command: "D:/MSYS2/download/SylixOS_cyclonedds/cyclonedds/sylixOS_ddsc/bin/cunit_ddsrt" "-s" "ddsrt_heap" "-t" "calloc_s"
Directory: D:/MSYS2/download/SylixOS_cyclonedds/cyclonedds/sylixOS_ddsc/src/ddsrt/tests
"CUnit_ddsrt_heap_calloc_s" start time: Dec 22 16:57 中国标准时间
Output:
----------------------------------------------------------
<end of output>
Test time =   0.00 sec
----------------------------------------------------------
Test Failed.
"CUnit_ddsrt_heap_calloc_s" end time: Dec 22 16:57 中国标准时间
"CUnit_ddsrt_heap_calloc_s" time elapsed: 00:00:00
----------------------------------------------------------

21/961 Testing: CUnit_ddsrt_heap_ddsrt_realloc_s
21/961 Test: CUnit_ddsrt_heap_ddsrt_realloc_s
Command: "D:/MSYS2/download/SylixOS_cyclonedds/cyclonedds/sylixOS_ddsc/bin/cunit_ddsrt" "-s" "ddsrt_heap" "-t" "ddsrt_realloc_s"
Directory: D:/MSYS2/download/SylixOS_cyclonedds/cyclonedds/sylixOS_ddsc/src/ddsrt/tests
"CUnit_ddsrt_heap_ddsrt_realloc_s" start time: Dec 22 16:57 中国标准时间
Output:
----------------------------------------------------------
<end of output>
Test time =   0.00 sec
----------------------------------------------------------
Test Failed.
"CUnit_ddsrt_heap_ddsrt_realloc_s" end time: Dec 22 16:57 中国标准时间
"CUnit_ddsrt_heap_ddsrt_realloc_s" time elapsed: 00:00:00
----------------------------------------------------------

22/961 Testing: CUnit_ddsrt_getifaddrs_ipv4
22/961 Test: CUnit_ddsrt_getifaddrs_ipv4
Command: "D:/MSYS2/download/SylixOS_cyclonedds/cyclonedds/sylixOS_ddsc/bin/cunit_ddsrt" "-s" "ddsrt_getifaddrs" "-t" "ipv4"
Directory: D:/MSYS2/download/SylixOS_cyclonedds/cyclonedds/sylixOS_ddsc/src/ddsrt/tests
"CUnit_ddsrt_getifaddrs_ipv4" start time: Dec 22 16:57 中国标准时间
Output:
----------------------------------------------------------
<end of output>
Test time =   0.00 sec
----------------------------------------------------------
Test Failed.
"CUnit_ddsrt_getifaddrs_ipv4" end time: Dec 22 16:57 中国标准时间
"CUnit_ddsrt_getifaddrs_ipv4" time elapsed: 00:00:00
----------------------------------------------------------

23/961 Testing: CUnit_ddsrt_getifaddrs_null_filter
23/961 Test: CUnit_ddsrt_getifaddrs_null_filter
Command: "D:/MSYS2/download/SylixOS_cyclonedds/cyclonedds/sylixOS_ddsc/bin/cunit_ddsrt" "-s" "ddsrt_getifaddrs" "-t" "null_filter"
Directory: D:/MSYS2/download/SylixOS_cyclonedds/cyclonedds/sylixOS_ddsc/src/ddsrt/tests
"CUnit_ddsrt_getifaddrs_null_filter" start time: Dec 22 16:57 中国标准时间
Output:
----------------------------------------------------------
<end of output>
Test time =   0.00 sec
----------------------------------------------------------
Test Failed.
"CUnit_ddsrt_getifaddrs_null_filter" end time: Dec 22 16:57 中国标准时间
"CUnit_ddsrt_getifaddrs_null_filter" time elapsed: 00:00:00
----------------------------------------------------------

24/961 Testing: CUnit_ddsrt_getifaddrs_empty_filter
24/961 Test: CUnit_ddsrt_getifaddrs_empty_filter
Command: "D:/MSYS2/download/SylixOS_cyclonedds/cyclonedds/sylixOS_ddsc/bin/cunit_ddsrt" "-s" "ddsrt_getifaddrs" "-t" "empty_filter"
Directory: D:/MSYS2/download/SylixOS_cyclonedds/cyclonedds/sylixOS_ddsc/src/ddsrt/tests
"CUnit_ddsrt_getifaddrs_empty_filter" start time: Dec 22 16:57 中国标准时间
Output:
----------------------------------------------------------
<end of output>
Test time =   0.00 sec
----------------------------------------------------------
Test Failed.
"CUnit_ddsrt_getifaddrs_empty_filter" end time: Dec 22 16:57 中国标准时间
"CUnit_ddsrt_getifaddrs_empty_filter" time elapsed: 00:00:00
----------------------------------------------------------

25/961 Testing: CUnit_ddsrt_getifaddrs_ipv6
25/961 Test: CUnit_ddsrt_getifaddrs_ipv6
Command: "D:/MSYS2/download/SylixOS_cyclonedds/cyclonedds/sylixOS_ddsc/bin/cunit_ddsrt" "-s" "ddsrt_getifaddrs" "-t" "ipv6"
Directory: D:/MSYS2/download/SylixOS_cyclonedds/cyclonedds/sylixOS_ddsc/src/ddsrt/tests
"CUnit_ddsrt_getifaddrs_ipv6" start time: Dec 22 16:57 中国标准时间
Output:
----------------------------------------------------------
<end of output>
Test time =   0.00 sec
----------------------------------------------------------
Test Failed.
"CUnit_ddsrt_getifaddrs_ipv6" end time: Dec 22 16:57 中国标准时间
"CUnit_ddsrt_getifaddrs_ipv6" time elapsed: 00:00:00
----------------------------------------------------------

26/961 Testing: CUnit_ddsrt_getifaddrs_ipv4_n_ipv6
26/961 Test: CUnit_ddsrt_getifaddrs_ipv4_n_ipv6
Command: "D:/MSYS2/download/SylixOS_cyclonedds/cyclonedds/sylixOS_ddsc/bin/cunit_ddsrt" "-s" "ddsrt_getifaddrs" "-t" "ipv4_n_ipv6"
Directory: D:/MSYS2/download/SylixOS_cyclonedds/cyclonedds/sylixOS_ddsc/src/ddsrt/tests
"CUnit_ddsrt_getifaddrs_ipv4_n_ipv6" start time: Dec 22 16:57 中国标准时间
Output:
----------------------------------------------------------
<end of output>
Test time =   0.00 sec
----------------------------------------------------------
Test Failed.
"CUnit_ddsrt_getifaddrs_ipv4_n_ipv6" end time: Dec 22 16:57 中国标准时间
"CUnit_ddsrt_getifaddrs_ipv4_n_ipv6" time elapsed: 00:00:00
----------------------------------------------------------

27/961 Testing: CUnit_ddsrt_sync_mutex_lock_conc
27/961 Test: CUnit_ddsrt_sync_mutex_lock_conc
Command: "D:/MSYS2/download/SylixOS_cyclonedds/cyclonedds/sylixOS_ddsc/bin/cunit_ddsrt" "-s" "ddsrt_sync" "-t" "mutex_lock_conc"
Directory: D:/MSYS2/download/SylixOS_cyclonedds/cyclonedds/sylixOS_ddsc/src/ddsrt/tests
"CUnit_ddsrt_sync_mutex_lock_conc" start time: Dec 22 16:57 中国标准时间
Output:
----------------------------------------------------------
<end of output>
Test time =   0.00 sec
----------------------------------------------------------
Test Failed.
"CUnit_ddsrt_sync_mutex_lock_conc" end time: Dec 22 16:57 中国标准时间
"CUnit_ddsrt_sync_mutex_lock_conc" time elapsed: 00:00:00
----------------------------------------------------------

28/961 Testing: CUnit_ddsrt_sync_mutex_trylock
28/961 Test: CUnit_ddsrt_sync_mutex_trylock
Command: "D:/MSYS2/download/SylixOS_cyclonedds/cyclonedds/sylixOS_ddsc/bin/cunit_ddsrt" "-s" "ddsrt_sync" "-t" "mutex_trylock"
Directory: D:/MSYS2/download/SylixOS_cyclonedds/cyclonedds/sylixOS_ddsc/src/ddsrt/tests
"CUnit_ddsrt_sync_mutex_trylock" start time: Dec 22 16:57 中国标准时间
Output:
----------------------------------------------------------
<end of output>
Test time =   0.00 sec
----------------------------------------------------------
Test Failed.
"CUnit_ddsrt_sync_mutex_trylock" end time: Dec 22 16:57 中国标准时间
"CUnit_ddsrt_sync_mutex_trylock" time elapsed: 00:00:00
----------------------------------------------------------

29/961 Testing: CUnit_ddsrt_sync_mutex_trylock_conc
29/961 Test: CUnit_ddsrt_sync_mutex_trylock_conc
Command: "D:/MSYS2/download/SylixOS_cyclonedds/cyclonedds/sylixOS_ddsc/bin/cunit_ddsrt" "-s" "ddsrt_sync" "-t" "mutex_trylock_conc"
Directory: D:/MSYS2/download/SylixOS_cyclonedds/cyclonedds/sylixOS_ddsc/src/ddsrt/tests
"CUnit_ddsrt_sync_mutex_trylock_conc" start time: Dec 22 16:57 中国标准时间
Output:
----------------------------------------------------------
<end of output>
Test time =   0.00 sec
----------------------------------------------------------
Test Failed.
"CUnit_ddsrt_sync_mutex_trylock_conc" end time: Dec 22 16:57 中国标准时间
"CUnit_ddsrt_sync_mutex_trylock_conc" time elapsed: 00:00:00
----------------------------------------------------------

30/961 Testing: CUnit_ddsrt_sync_once_conc
30/961 Test: CUnit_ddsrt_sync_once_conc
Command: "D:/MSYS2/download/SylixOS_cyclonedds/cyclonedds/sylixOS_ddsc/bin/cunit_ddsrt" "-s" "ddsrt_sync" "-t" "once_conc"
Directory: D:/MSYS2/download/SylixOS_cyclonedds/cyclonedds/sylixOS_ddsc/src/ddsrt/tests
"CUnit_ddsrt_sync_once_conc" start time: Dec 22 16:57 中国标准时间
Output:
----------------------------------------------------------
<end of output>
Test time =   0.00 sec
----------------------------------------------------------
Test Failed.
"CUnit_ddsrt_sync_once_conc" end time: Dec 22 16:57 中国标准时间
"CUnit_ddsrt_sync_once_conc" time elapsed: 00:00:00
----------------------------------------------------------

31/961 Testing: CUnit_ddsrt_sync_cond_waitfor
31/961 Test: CUnit_ddsrt_sync_cond_waitfor
Command: "D:/MSYS2/download/SylixOS_cyclonedds/cyclonedds/sylixOS_ddsc/bin/cunit_ddsrt" "-s" "ddsrt_sync" "-t" "cond_waitfor"
Directory: D:/MSYS2/download/SylixOS_cyclonedds/cyclonedds/sylixOS_ddsc/src/ddsrt/tests
"CUnit_ddsrt_sync_cond_waitfor" start time: Dec 22 16:57 中国标准时间
Output:
----------------------------------------------------------
<end of output>
Test time =   0.00 sec
----------------------------------------------------------
Test Failed.
"CUnit_ddsrt_sync_cond_waitfor" end time: Dec 22 16:57 中国标准时间
"CUnit_ddsrt_sync_cond_waitfor" time elapsed: 00:00:00
----------------------------------------------------------

32/961 Testing: CUnit_ddsrt_sync_cond_waituntil
32/961 Test: CUnit_ddsrt_sync_cond_waituntil
Command: "D:/MSYS2/download/SylixOS_cyclonedds/cyclonedds/sylixOS_ddsc/bin/cunit_ddsrt" "-s" "ddsrt_sync" "-t" "cond_waituntil"
Directory: D:/MSYS2/download/SylixOS_cyclonedds/cyclonedds/sylixOS_ddsc/src/ddsrt/tests
"CUnit_ddsrt_sync_cond_waituntil" start time: Dec 22 16:57 中国标准时间
Output:
----------------------------------------------------------
<end of output>
Test time =   0.00 sec
----------------------------------------------------------
Test Failed.
"CUnit_ddsrt_sync_cond_waituntil" end time: Dec 22 16:57 中国标准时间
"CUnit_ddsrt_sync_cond_waituntil" time elapsed: 00:00:00
----------------------------------------------------------

33/961 Testing: CUnit_ddsrt_sync_rwlock_trylock_conc
33/961 Test: CUnit_ddsrt_sync_rwlock_trylock_conc
Command: "D:/MSYS2/download/SylixOS_cyclonedds/cyclonedds/sylixOS_ddsc/bin/cunit_ddsrt" "-s" "ddsrt_sync" "-t" "rwlock_trylock_conc"
Directory: D:/MSYS2/download/SylixOS_cyclonedds/cyclonedds/sylixOS_ddsc/src/ddsrt/tests
"CUnit_ddsrt_sync_rwlock_trylock_conc" start time: Dec 22 16:57 中国标准时间
Output:
----------------------------------------------------------
<end of output>
Test time =   0.00 sec
----------------------------------------------------------
Test Failed.
"CUnit_ddsrt_sync_rwlock_trylock_conc" end time: Dec 22 16:57 中国标准时间
"CUnit_ddsrt_sync_rwlock_trylock_conc" time elapsed: 00:00:00
----------------------------------------------------------

34/961 Testing: CUnit_ddsrt_strtoll_strtoll
34/961 Test: CUnit_ddsrt_strtoll_strtoll
Command: "D:/MSYS2/download/SylixOS_cyclonedds/cyclonedds/sylixOS_ddsc/bin/cunit_ddsrt" "-s" "ddsrt_strtoll" "-t" "strtoll"
Directory: D:/MSYS2/download/SylixOS_cyclonedds/cyclonedds/sylixOS_ddsc/src/ddsrt/tests
"CUnit_ddsrt_strtoll_strtoll" start time: Dec 22 16:57 中国标准时间
Output:
----------------------------------------------------------
<end of output>
Test time =   0.00 sec
----------------------------------------------------------
Test Failed.
"CUnit_ddsrt_strtoll_strtoll" end time: Dec 22 16:57 中国标准时间
"CUnit_ddsrt_strtoll_strtoll" time elapsed: 00:00:00
----------------------------------------------------------

35/961 Testing: CUnit_ddsrt_strtoll_strtoull
35/961 Test: CUnit_ddsrt_strtoll_strtoull
Command: "D:/MSYS2/download/SylixOS_cyclonedds/cyclonedds/sylixOS_ddsc/bin/cunit_ddsrt" "-s" "ddsrt_strtoll" "-t" "strtoull"
Directory: D:/MSYS2/download/SylixOS_cyclonedds/cyclonedds/sylixOS_ddsc/src/ddsrt/tests
"CUnit_ddsrt_strtoll_strtoull" start time: Dec 22 16:57 中国标准时间
Output:
----------------------------------------------------------
<end of output>
Test time =   0.00 sec
----------------------------------------------------------
Test Failed.
"CUnit_ddsrt_strtoll_strtoull" end time: Dec 22 16:57 中国标准时间
"CUnit_ddsrt_strtoll_strtoull" time elapsed: 00:00:00
----------------------------------------------------------

36/961 Testing: CUnit_ddsrt_strtoll_atoll
36/961 Test: CUnit_ddsrt_strtoll_atoll
Command: "D:/MSYS2/download/SylixOS_cyclonedds/cyclonedds/sylixOS_ddsc/bin/cunit_ddsrt" "-s" "ddsrt_strtoll" "-t" "atoll"
Directory: D:/MSYS2/download/SylixOS_cyclonedds/cyclonedds/sylixOS_ddsc/src/ddsrt/tests
"CUnit_ddsrt_strtoll_atoll" start time: Dec 22 16:57 中国标准时间
Output:
----------------------------------------------------------
<end of output>
Test time =   0.00 sec
----------------------------------------------------------
Test Failed.
"CUnit_ddsrt_strtoll_atoll" end time: Dec 22 16:57 中国标准时间
"CUnit_ddsrt_strtoll_atoll" time elapsed: 00:00:00
----------------------------------------------------------

37/961 Testing: CUnit_ddsrt_strtoll_atoull
37/961 Test: CUnit_ddsrt_strtoll_atoull
Command: "D:/MSYS2/download/SylixOS_cyclonedds/cyclonedds/sylixOS_ddsc/bin/cunit_ddsrt" "-s" "ddsrt_strtoll" "-t" "atoull"
Directory: D:/MSYS2/download/SylixOS_cyclonedds/cyclonedds/sylixOS_ddsc/src/ddsrt/tests
"CUnit_ddsrt_strtoll_atoull" start time: Dec 22 16:57 中国标准时间
Output:
----------------------------------------------------------
<end of output>
Test time =   0.00 sec
----------------------------------------------------------
Test Failed.
"CUnit_ddsrt_strtoll_atoull" end time: Dec 22 16:57 中国标准时间
"CUnit_ddsrt_strtoll_atoull" time elapsed: 00:00:00
----------------------------------------------------------

38/961 Testing: CUnit_ddsrt_strtoll_lltostr
38/961 Test: CUnit_ddsrt_strtoll_lltostr
Command: "D:/MSYS2/download/SylixOS_cyclonedds/cyclonedds/sylixOS_ddsc/bin/cunit_ddsrt" "-s" "ddsrt_strtoll" "-t" "lltostr"
Directory: D:/MSYS2/download/SylixOS_cyclonedds/cyclonedds/sylixOS_ddsc/src/ddsrt/tests
"CUnit_ddsrt_strtoll_lltostr" start time: Dec 22 16:57 中国标准时间
Output:
----------------------------------------------------------
<end of output>
Test time =   0.00 sec
----------------------------------------------------------
Test Failed.
"CUnit_ddsrt_strtoll_lltostr" end time: Dec 22 16:57 中国标准时间
"CUnit_ddsrt_strtoll_lltostr" time elapsed: 00:00:00
----------------------------------------------------------

39/961 Testing: CUnit_ddsrt_strtoll_ulltostr
39/961 Test: CUnit_ddsrt_strtoll_ulltostr
Command: "D:/MSYS2/download/SylixOS_cyclonedds/cyclonedds/sylixOS_ddsc/bin/cunit_ddsrt" "-s" "ddsrt_strtoll" "-t" "ulltostr"
Directory: D:/MSYS2/download/SylixOS_cyclonedds/cyclonedds/sylixOS_ddsc/src/ddsrt/tests
"CUnit_ddsrt_strtoll_ulltostr" start time: Dec 22 16:57 中国标准时间
Output:
----------------------------------------------------------
<end of output>
Test time =   0.00 sec
----------------------------------------------------------
Test Failed.
"CUnit_ddsrt_strtoll_ulltostr" end time: Dec 22 16:57 中国标准时间
"CUnit_ddsrt_strtoll_ulltostr" time elapsed: 00:00:00
----------------------------------------------------------

40/961 Testing: CUnit_ddsrt_thread_thread_id
40/961 Test: CUnit_ddsrt_thread_thread_id
Command: "D:/MSYS2/download/SylixOS_cyclonedds/cyclonedds/sylixOS_ddsc/bin/cunit_ddsrt" "-s" "ddsrt_thread" "-t" "thread_id"
Directory: D:/MSYS2/download/SylixOS_cyclonedds/cyclonedds/sylixOS_ddsc/src/ddsrt/tests
"CUnit_ddsrt_thread_thread_id" start time: Dec 22 16:57 中国标准时间
Output:
----------------------------------------------------------
<end of output>
Test time =   0.00 sec
----------------------------------------------------------
Test Failed.
"CUnit_ddsrt_thread_thread_id" end time: Dec 22 16:57 中国标准时间
"CUnit_ddsrt_thread_thread_id" time elapsed: 00:00:00
----------------------------------------------------------

41/961 Testing: CUnit_ddsrt_thread_stacked_join
41/961 Test: CUnit_ddsrt_thread_stacked_join
Command: "D:/MSYS2/download/SylixOS_cyclonedds/cyclonedds/sylixOS_ddsc/bin/cunit_ddsrt" "-s" "ddsrt_thread" "-t" "stacked_join"
Directory: D:/MSYS2/download/SylixOS_cyclonedds/cyclonedds/sylixOS_ddsc/src/ddsrt/tests
"CUnit_ddsrt_thread_stacked_join" start time: Dec 22 16:57 中国标准时间
Output:
----------------------------------------------------------
<end of output>
Test time =   0.00 sec
----------------------------------------------------------
Test Failed.
"CUnit_ddsrt_thread_stacked_join" end time: Dec 22 16:57 中国标准时间
"CUnit_ddsrt_thread_stacked_join" time elapsed: 00:00:00
----------------------------------------------------------

42/961 Testing: CUnit_ddsrt_thread_attribute
42/961 Test: CUnit_ddsrt_thread_attribute
Command: "D:/MSYS2/download/SylixOS_cyclonedds/cyclonedds/sylixOS_ddsc/bin/cunit_ddsrt" "-s" "ddsrt_thread" "-t" "attribute"
Directory: D:/MSYS2/download/SylixOS_cyclonedds/cyclonedds/sylixOS_ddsc/src/ddsrt/tests
"CUnit_ddsrt_thread_attribute" start time: Dec 22 16:57 中国标准时间
Output:
----------------------------------------------------------
<end of output>
Test time =   0.00 sec
----------------------------------------------------------
Test Failed.
"CUnit_ddsrt_thread_attribute" end time: Dec 22 16:57 中国标准时间
"CUnit_ddsrt_thread_attribute" time elapsed: 00:00:00
----------------------------------------------------------

43/961 Testing: CUnit_ddsrt_thread_create_and_join
43/961 Test: CUnit_ddsrt_thread_create_and_join
Command: "D:/MSYS2/download/SylixOS_cyclonedds/cyclonedds/sylixOS_ddsc/bin/cunit_ddsrt" "-s" "ddsrt_thread" "-t" "create_and_join"
Directory: D:/MSYS2/download/SylixOS_cyclonedds/cyclonedds/sylixOS_ddsc/src/ddsrt/tests
"CUnit_ddsrt_thread_create_and_join" start time: Dec 22 16:57 中国标准时间
Output:
----------------------------------------------------------
<end of output>
Test time =   0.00 sec
----------------------------------------------------------
Test Failed.
"CUnit_ddsrt_thread_create_and_join" end time: Dec 22 16:57 中国标准时间
"CUnit_ddsrt_thread_create_and_join" time elapsed: 00:00:00
----------------------------------------------------------

44/961 Testing: CUnit_ddsrt_thread_cleanup_push_one
44/961 Test: CUnit_ddsrt_thread_cleanup_push_one
Command: "D:/MSYS2/download/SylixOS_cyclonedds/cyclonedds/sylixOS_ddsc/bin/cunit_ddsrt" "-s" "ddsrt_thread_cleanup" "-t" "push_one"
Directory: D:/MSYS2/download/SylixOS_cyclonedds/cyclonedds/sylixOS_ddsc/src/ddsrt/tests
"CUnit_ddsrt_thread_cleanup_push_one" start time: Dec 22 16:57 中国标准时间
Output:
----------------------------------------------------------
<end of output>
Test time =   0.00 sec
----------------------------------------------------------
Test Failed.
"CUnit_ddsrt_thread_cleanup_push_one" end time: Dec 22 16:57 中国标准时间
"CUnit_ddsrt_thread_cleanup_push_one" time elapsed: 00:00:00
----------------------------------------------------------

45/961 Testing: CUnit_ddsrt_thread_cleanup_push_two
45/961 Test: CUnit_ddsrt_thread_cleanup_push_two
Command: "D:/MSYS2/download/SylixOS_cyclonedds/cyclonedds/sylixOS_ddsc/bin/cunit_ddsrt" "-s" "ddsrt_thread_cleanup" "-t" "push_two"
Directory: D:/MSYS2/download/SylixOS_cyclonedds/cyclonedds/sylixOS_ddsc/src/ddsrt/tests
"CUnit_ddsrt_thread_cleanup_push_two" start time: Dec 22 16:57 中国标准时间
Output:
----------------------------------------------------------
<end of output>
Test time =   0.00 sec
----------------------------------------------------------
Test Failed.
"CUnit_ddsrt_thread_cleanup_push_two" end time: Dec 22 16:57 中国标准时间
"CUnit_ddsrt_thread_cleanup_push_two" time elapsed: 00:00:00
----------------------------------------------------------

46/961 Testing: CUnit_ddsrt_thread_cleanup_push_two_pop_one_no_exec
46/961 Test: CUnit_ddsrt_thread_cleanup_push_two_pop_one_no_exec
Command: "D:/MSYS2/download/SylixOS_cyclonedds/cyclonedds/sylixOS_ddsc/bin/cunit_ddsrt" "-s" "ddsrt_thread_cleanup" "-t" "push_two_pop_one_no_exec"
Directory: D:/MSYS2/download/SylixOS_cyclonedds/cyclonedds/sylixOS_ddsc/src/ddsrt/tests
"CUnit_ddsrt_thread_cleanup_push_two_pop_one_no_exec" start time: Dec 22 16:57 中国标准时间
Output:
----------------------------------------------------------
<end of output>
Test time =   0.00 sec
----------------------------------------------------------
Test Failed.
"CUnit_ddsrt_thread_cleanup_push_two_pop_one_no_exec" end time: Dec 22 16:57 中国标准时间
"CUnit_ddsrt_thread_cleanup_push_two_pop_one_no_exec" time elapsed: 00:00:00
----------------------------------------------------------

47/961 Testing: CUnit_ddsrt_thread_cleanup_push_two_pop_one_exec
47/961 Test: CUnit_ddsrt_thread_cleanup_push_two_pop_one_exec
Command: "D:/MSYS2/download/SylixOS_cyclonedds/cyclonedds/sylixOS_ddsc/bin/cunit_ddsrt" "-s" "ddsrt_thread_cleanup" "-t" "push_two_pop_one_exec"
Directory: D:/MSYS2/download/SylixOS_cyclonedds/cyclonedds/sylixOS_ddsc/src/ddsrt/tests
"CUnit_ddsrt_thread_cleanup_push_two_pop_one_exec" start time: Dec 22 16:57 中国标准时间
Output:
----------------------------------------------------------
<end of output>
Test time =   0.00 sec
----------------------------------------------------------
Test Failed.
"CUnit_ddsrt_thread_cleanup_push_two_pop_one_exec" end time: Dec 22 16:57 中国标准时间
"CUnit_ddsrt_thread_cleanup_push_two_pop_one_exec" time elapsed: 00:00:00
----------------------------------------------------------

48/961 Testing: CUnit_ddsrt_thread_cleanup_push_two_pop_two_no_exec
48/961 Test: CUnit_ddsrt_thread_cleanup_push_two_pop_two_no_exec
Command: "D:/MSYS2/download/SylixOS_cyclonedds/cyclonedds/sylixOS_ddsc/bin/cunit_ddsrt" "-s" "ddsrt_thread_cleanup" "-t" "push_two_pop_two_no_exec"
Directory: D:/MSYS2/download/SylixOS_cyclonedds/cyclonedds/sylixOS_ddsc/src/ddsrt/tests
"CUnit_ddsrt_thread_cleanup_push_two_pop_two_no_exec" start time: Dec 22 16:57 中国标准时间
Output:
----------------------------------------------------------
<end of output>
Test time =   0.00 sec
----------------------------------------------------------
Test Failed.
"CUnit_ddsrt_thread_cleanup_push_two_pop_two_no_exec" end time: Dec 22 16:57 中国标准时间
"CUnit_ddsrt_thread_cleanup_push_two_pop_two_no_exec" time elapsed: 00:00:00
----------------------------------------------------------

49/961 Testing: CUnit_ddsrt_thread_cleanup_push_two_pop_two_exec_one
49/961 Test: CUnit_ddsrt_thread_cleanup_push_two_pop_two_exec_one
Command: "D:/MSYS2/download/SylixOS_cyclonedds/cyclonedds/sylixOS_ddsc/bin/cunit_ddsrt" "-s" "ddsrt_thread_cleanup" "-t" "push_two_pop_two_exec_one"
Directory: D:/MSYS2/download/SylixOS_cyclonedds/cyclonedds/sylixOS_ddsc/src/ddsrt/tests
"CUnit_ddsrt_thread_cleanup_push_two_pop_two_exec_one" start time: Dec 22 16:57 中国标准时间
Output:
----------------------------------------------------------
<end of output>
Test time =   0.00 sec
----------------------------------------------------------
Test Failed.
"CUnit_ddsrt_thread_cleanup_push_two_pop_two_exec_one" end time: Dec 22 16:57 中国标准时间
"CUnit_ddsrt_thread_cleanup_push_two_pop_two_exec_one" time elapsed: 00:00:00
----------------------------------------------------------

50/961 Testing: CUnit_ddsrt_thread_cleanup_push_two_pop_two_exec_both
50/961 Test: CUnit_ddsrt_thread_cleanup_push_two_pop_two_exec_both
Command: "D:/MSYS2/download/SylixOS_cyclonedds/cyclonedds/sylixOS_ddsc/bin/cunit_ddsrt" "-s" "ddsrt_thread_cleanup" "-t" "push_two_pop_two_exec_both"
Directory: D:/MSYS2/download/SylixOS_cyclonedds/cyclonedds/sylixOS_ddsc/src/ddsrt/tests
"CUnit_ddsrt_thread_cleanup_push_two_pop_two_exec_both" start time: Dec 22 16:57 中国标准时间
Output:
----------------------------------------------------------
<end of output>
Test time =   0.00 sec
----------------------------------------------------------
Test Failed.
"CUnit_ddsrt_thread_cleanup_push_two_pop_two_exec_both" end time: Dec 22 16:57 中国标准时间
"CUnit_ddsrt_thread_cleanup_push_two_pop_two_exec_both" time elapsed: 00:00:00
----------------------------------------------------------

51/961 Testing: CUnit_ddsrt_thread_cleanup_no_interference
51/961 Test: CUnit_ddsrt_thread_cleanup_no_interference
Command: "D:/MSYS2/download/SylixOS_cyclonedds/cyclonedds/sylixOS_ddsc/bin/cunit_ddsrt" "-s" "ddsrt_thread_cleanup" "-t" "no_interference"
Directory: D:/MSYS2/download/SylixOS_cyclonedds/cyclonedds/sylixOS_ddsc/src/ddsrt/tests
"CUnit_ddsrt_thread_cleanup_no_interference" start time: Dec 22 16:57 中国标准时间
Output:
----------------------------------------------------------
<end of output>
Test time =   0.00 sec
----------------------------------------------------------
Test Failed.
"CUnit_ddsrt_thread_cleanup_no_interference" end time: Dec 22 16:57 中国标准时间
"CUnit_ddsrt_thread_cleanup_no_interference" time elapsed: 00:00:00
----------------------------------------------------------

52/961 Testing: CUnit_ddsrt_strcasecmp_basic
52/961 Test: CUnit_ddsrt_strcasecmp_basic
Command: "D:/MSYS2/download/SylixOS_cyclonedds/cyclonedds/sylixOS_ddsc/bin/cunit_ddsrt" "-s" "ddsrt_strcasecmp" "-t" "basic"
Directory: D:/MSYS2/download/SylixOS_cyclonedds/cyclonedds/sylixOS_ddsc/src/ddsrt/tests
"CUnit_ddsrt_strcasecmp_basic" start time: Dec 22 16:57 中国标准时间
Output:
----------------------------------------------------------
<end of output>
Test time =   0.00 sec
----------------------------------------------------------
Test Failed.
"CUnit_ddsrt_strcasecmp_basic" end time: Dec 22 16:57 中国标准时间
"CUnit_ddsrt_strcasecmp_basic" time elapsed: 00:00:00
----------------------------------------------------------

53/961 Testing: CUnit_ddsrt_strncasecmp_basic
53/961 Test: CUnit_ddsrt_strncasecmp_basic
Command: "D:/MSYS2/download/SylixOS_cyclonedds/cyclonedds/sylixOS_ddsc/bin/cunit_ddsrt" "-s" "ddsrt_strncasecmp" "-t" "basic"
Directory: D:/MSYS2/download/SylixOS_cyclonedds/cyclonedds/sylixOS_ddsc/src/ddsrt/tests
"CUnit_ddsrt_strncasecmp_basic" start time: Dec 22 16:57 中国标准时间
Output:
----------------------------------------------------------
<end of output>
Test time =   0.00 sec
----------------------------------------------------------
Test Failed.
"CUnit_ddsrt_strncasecmp_basic" end time: Dec 22 16:57 中国标准时间
"CUnit_ddsrt_strncasecmp_basic" time elapsed: 00:00:00
----------------------------------------------------------

54/961 Testing: CUnit_ddsrt_strncasecmp_empty
54/961 Test: CUnit_ddsrt_strncasecmp_empty
Command: "D:/MSYS2/download/SylixOS_cyclonedds/cyclonedds/sylixOS_ddsc/bin/cunit_ddsrt" "-s" "ddsrt_strncasecmp" "-t" "empty"
Directory: D:/MSYS2/download/SylixOS_cyclonedds/cyclonedds/sylixOS_ddsc/src/ddsrt/tests
"CUnit_ddsrt_strncasecmp_empty" start time: Dec 22 16:57 中国标准时间
Output:
----------------------------------------------------------
<end of output>
Test time =   0.00 sec
----------------------------------------------------------
Test Failed.
"CUnit_ddsrt_strncasecmp_empty" end time: Dec 22 16:57 中国标准时间
"CUnit_ddsrt_strncasecmp_empty" time elapsed: 00:00:00
----------------------------------------------------------

55/961 Testing: CUnit_ddsrt_strncasecmp_length
55/961 Test: CUnit_ddsrt_strncasecmp_length
Command: "D:/MSYS2/download/SylixOS_cyclonedds/cyclonedds/sylixOS_ddsc/bin/cunit_ddsrt" "-s" "ddsrt_strncasecmp" "-t" "length"
Directory: D:/MSYS2/download/SylixOS_cyclonedds/cyclonedds/sylixOS_ddsc/src/ddsrt/tests
"CUnit_ddsrt_strncasecmp_length" start time: Dec 22 16:57 中国标准时间
Output:
----------------------------------------------------------
<end of output>
Test time =   0.00 sec
----------------------------------------------------------
Test Failed.
"CUnit_ddsrt_strncasecmp_length" end time: Dec 22 16:57 中国标准时间
"CUnit_ddsrt_strncasecmp_length" time elapsed: 00:00:00
----------------------------------------------------------

56/961 Testing: CUnit_ddsrt_str_replace_basic
56/961 Test: CUnit_ddsrt_str_replace_basic
Command: "D:/MSYS2/download/SylixOS_cyclonedds/cyclonedds/sylixOS_ddsc/bin/cunit_ddsrt" "-s" "ddsrt_str_replace" "-t" "basic"
Directory: D:/MSYS2/download/SylixOS_cyclonedds/cyclonedds/sylixOS_ddsc/src/ddsrt/tests
"CUnit_ddsrt_str_replace_basic" start time: Dec 22 16:57 中国标准时间
Output:
----------------------------------------------------------
<end of output>
Test time =   0.00 sec
----------------------------------------------------------
Test Failed.
"CUnit_ddsrt_str_replace_basic" end time: Dec 22 16:57 中国标准时间
"CUnit_ddsrt_str_replace_basic" time elapsed: 00:00:00
----------------------------------------------------------

57/961 Testing: CUnit_ddsrt_strndup_exact_length
57/961 Test: CUnit_ddsrt_strndup_exact_length
Command: "D:/MSYS2/download/SylixOS_cyclonedds/cyclonedds/sylixOS_ddsc/bin/cunit_ddsrt" "-s" "ddsrt_strndup" "-t" "exact_length"
Directory: D:/MSYS2/download/SylixOS_cyclonedds/cyclonedds/sylixOS_ddsc/src/ddsrt/tests
"CUnit_ddsrt_strndup_exact_length" start time: Dec 22 16:57 中国标准时间
Output:
----------------------------------------------------------
<end of output>
Test time =   0.00 sec
----------------------------------------------------------
Test Failed.
"CUnit_ddsrt_strndup_exact_length" end time: Dec 22 16:57 中国标准时间
"CUnit_ddsrt_strndup_exact_length" time elapsed: 00:00:00
----------------------------------------------------------

58/961 Testing: CUnit_ddsrt_strndup_too_long
58/961 Test: CUnit_ddsrt_strndup_too_long
Command: "D:/MSYS2/download/SylixOS_cyclonedds/cyclonedds/sylixOS_ddsc/bin/cunit_ddsrt" "-s" "ddsrt_strndup" "-t" "too_long"
Directory: D:/MSYS2/download/SylixOS_cyclonedds/cyclonedds/sylixOS_ddsc/src/ddsrt/tests
"CUnit_ddsrt_strndup_too_long" start time: Dec 22 16:57 中国标准时间
Output:
----------------------------------------------------------
<end of output>
Test time =   0.00 sec
----------------------------------------------------------
Test Failed.
"CUnit_ddsrt_strndup_too_long" end time: Dec 22 16:57 中国标准时间
"CUnit_ddsrt_strndup_too_long" time elapsed: 00:00:00
----------------------------------------------------------

59/961 Testing: CUnit_ddsrt_strndup_too_short
59/961 Test: CUnit_ddsrt_strndup_too_short
Command: "D:/MSYS2/download/SylixOS_cyclonedds/cyclonedds/sylixOS_ddsc/bin/cunit_ddsrt" "-s" "ddsrt_strndup" "-t" "too_short"
Directory: D:/MSYS2/download/SylixOS_cyclonedds/cyclonedds/sylixOS_ddsc/src/ddsrt/tests
"CUnit_ddsrt_strndup_too_short" start time: Dec 22 16:57 中国标准时间
Output:
----------------------------------------------------------
<end of output>
Test time =   0.00 sec
----------------------------------------------------------
Test Failed.
"CUnit_ddsrt_strndup_too_short" end time: Dec 22 16:57 中国标准时间
"CUnit_ddsrt_strndup_too_short" time elapsed: 00:00:00
----------------------------------------------------------

60/961 Testing: CUnit_ddsrt_str_trim_ord_space_basic
60/961 Test: CUnit_ddsrt_str_trim_ord_space_basic
Command: "D:/MSYS2/download/SylixOS_cyclonedds/cyclonedds/sylixOS_ddsc/bin/cunit_ddsrt" "-s" "ddsrt_str_trim_ord_space" "-t" "basic"
Directory: D:/MSYS2/download/SylixOS_cyclonedds/cyclonedds/sylixOS_ddsc/src/ddsrt/tests
"CUnit_ddsrt_str_trim_ord_space_basic" start time: Dec 22 16:57 中国标准时间
Output:
----------------------------------------------------------
<end of output>
Test time =   0.00 sec
----------------------------------------------------------
Test Failed.
"CUnit_ddsrt_str_trim_ord_space_basic" end time: Dec 22 16:57 中国标准时间
"CUnit_ddsrt_str_trim_ord_space_basic" time elapsed: 00:00:00
----------------------------------------------------------

61/961 Testing: CUnit_dds_log_only_log_file
61/961 Test: CUnit_dds_log_only_log_file
Command: "D:/MSYS2/download/SylixOS_cyclonedds/cyclonedds/sylixOS_ddsc/bin/cunit_ddsrt" "-s" "dds_log" "-t" "only_log_file"
Directory: D:/MSYS2/download/SylixOS_cyclonedds/cyclonedds/sylixOS_ddsc/src/ddsrt/tests
"CUnit_dds_log_only_log_file" start time: Dec 22 16:57 中国标准时间
Output:
----------------------------------------------------------
<end of output>
Test time =   0.00 sec
----------------------------------------------------------
Test Failed.
"CUnit_dds_log_only_log_file" end time: Dec 22 16:57 中国标准时间
"CUnit_dds_log_only_log_file" time elapsed: 00:00:00
----------------------------------------------------------

62/961 Testing: CUnit_dds_log_same_file
62/961 Test: CUnit_dds_log_same_file
Command: "D:/MSYS2/download/SylixOS_cyclonedds/cyclonedds/sylixOS_ddsc/bin/cunit_ddsrt" "-s" "dds_log" "-t" "same_file"
Directory: D:/MSYS2/download/SylixOS_cyclonedds/cyclonedds/sylixOS_ddsc/src/ddsrt/tests
"CUnit_dds_log_same_file" start time: Dec 22 16:57 中国标准时间
Output:
----------------------------------------------------------
<end of output>
Test time =   0.00 sec
----------------------------------------------------------
Test Failed.
"CUnit_dds_log_same_file" end time: Dec 22 16:57 中国标准时间
"CUnit_dds_log_same_file" time elapsed: 00:00:00
----------------------------------------------------------

63/961 Testing: CUnit_dds_log_same_sink_function
63/961 Test: CUnit_dds_log_same_sink_function
Command: "D:/MSYS2/download/SylixOS_cyclonedds/cyclonedds/sylixOS_ddsc/bin/cunit_ddsrt" "-s" "dds_log" "-t" "same_sink_function"
Directory: D:/MSYS2/download/SylixOS_cyclonedds/cyclonedds/sylixOS_ddsc/src/ddsrt/tests
"CUnit_dds_log_same_sink_function" start time: Dec 22 16:57 中国标准时间
Output:
----------------------------------------------------------
<end of output>
Test time =   0.00 sec
----------------------------------------------------------
Test Failed.
"CUnit_dds_log_same_sink_function" end time: Dec 22 16:57 中国标准时间
"CUnit_dds_log_same_sink_function" time elapsed: 00:00:00
----------------------------------------------------------

64/961 Testing: CUnit_dds_log_exact_same_sink
64/961 Test: CUnit_dds_log_exact_same_sink
Command: "D:/MSYS2/download/SylixOS_cyclonedds/cyclonedds/sylixOS_ddsc/bin/cunit_ddsrt" "-s" "dds_log" "-t" "exact_same_sink"
Directory: D:/MSYS2/download/SylixOS_cyclonedds/cyclonedds/sylixOS_ddsc/src/ddsrt/tests
"CUnit_dds_log_exact_same_sink" start time: Dec 22 16:57 中国标准时间
Output:
----------------------------------------------------------
<end of output>
Test time =   0.00 sec
----------------------------------------------------------
Test Failed.
"CUnit_dds_log_exact_same_sink" end time: Dec 22 16:57 中国标准时间
"CUnit_dds_log_exact_same_sink" time elapsed: 00:00:00
----------------------------------------------------------

65/961 Testing: CUnit_dds_log_no_sink
65/961 Test: CUnit_dds_log_no_sink
Command: "D:/MSYS2/download/SylixOS_cyclonedds/cyclonedds/sylixOS_ddsc/bin/cunit_ddsrt" "-s" "dds_log" "-t" "no_sink"
Directory: D:/MSYS2/download/SylixOS_cyclonedds/cyclonedds/sylixOS_ddsc/src/ddsrt/tests
"CUnit_dds_log_no_sink" start time: Dec 22 16:57 中国标准时间
Output:
----------------------------------------------------------
<end of output>
Test time =   0.00 sec
----------------------------------------------------------
Test Failed.
"CUnit_dds_log_no_sink" end time: Dec 22 16:57 中国标准时间
"CUnit_dds_log_no_sink" time elapsed: 00:00:00
----------------------------------------------------------

66/961 Testing: CUnit_dds_log_newline_terminates
66/961 Test: CUnit_dds_log_newline_terminates
Command: "D:/MSYS2/download/SylixOS_cyclonedds/cyclonedds/sylixOS_ddsc/bin/cunit_ddsrt" "-s" "dds_log" "-t" "newline_terminates"
Directory: D:/MSYS2/download/SylixOS_cyclonedds/cyclonedds/sylixOS_ddsc/src/ddsrt/tests
"CUnit_dds_log_newline_terminates" start time: Dec 22 16:57 中国标准时间
Output:
----------------------------------------------------------
<end of output>
Test time =   0.00 sec
----------------------------------------------------------
Test Failed.
"CUnit_dds_log_newline_terminates" end time: Dec 22 16:57 中国标准时间
"CUnit_dds_log_newline_terminates" time elapsed: 00:00:00
----------------------------------------------------------

67/961 Testing: CUnit_dds_log_disabled_categories_discarded
67/961 Test: CUnit_dds_log_disabled_categories_discarded
Command: "D:/MSYS2/download/SylixOS_cyclonedds/cyclonedds/sylixOS_ddsc/bin/cunit_ddsrt" "-s" "dds_log" "-t" "disabled_categories_discarded"
Directory: D:/MSYS2/download/SylixOS_cyclonedds/cyclonedds/sylixOS_ddsc/src/ddsrt/tests
"CUnit_dds_log_disabled_categories_discarded" start time: Dec 22 16:57 中国标准时间
Output:
----------------------------------------------------------
<end of output>
Test time =   0.00 sec
----------------------------------------------------------
Test Failed.
"CUnit_dds_log_disabled_categories_discarded" end time: Dec 22 16:57 中国标准时间
"CUnit_dds_log_disabled_categories_discarded" time elapsed: 00:00:00
----------------------------------------------------------

68/961 Testing: CUnit_dds_log_synchronous_sink_changes
68/961 Test: CUnit_dds_log_synchronous_sink_changes
Command: "D:/MSYS2/download/SylixOS_cyclonedds/cyclonedds/sylixOS_ddsc/bin/cunit_ddsrt" "-s" "dds_log" "-t" "synchronous_sink_changes"
Directory: D:/MSYS2/download/SylixOS_cyclonedds/cyclonedds/sylixOS_ddsc/src/ddsrt/tests
"CUnit_dds_log_synchronous_sink_changes" start time: Dec 22 16:57 中国标准时间
Output:
----------------------------------------------------------
<end of output>
Test time =   0.00 sec
----------------------------------------------------------
Test Failed.
"CUnit_dds_log_synchronous_sink_changes" end time: Dec 22 16:57 中国标准时间
"CUnit_dds_log_synchronous_sink_changes" time elapsed: 00:00:00
----------------------------------------------------------

69/961 Testing: CUnit_dds_log_fatal_aborts
69/961 Test: CUnit_dds_log_fatal_aborts
Command: "D:/MSYS2/download/SylixOS_cyclonedds/cyclonedds/sylixOS_ddsc/bin/cunit_ddsrt" "-s" "dds_log" "-t" "fatal_aborts"
Directory: D:/MSYS2/download/SylixOS_cyclonedds/cyclonedds/sylixOS_ddsc/src/ddsrt/tests
"CUnit_dds_log_fatal_aborts" start time: Dec 22 16:57 中国标准时间
Output:
----------------------------------------------------------
<end of output>
Test time =   0.00 sec
----------------------------------------------------------
Test Failed.
"CUnit_dds_log_fatal_aborts" end time: Dec 22 16:57 中国标准时间
"CUnit_dds_log_fatal_aborts" time elapsed: 00:00:00
----------------------------------------------------------

70/961 Testing: CUnit_ddsrt_hopscotch_concurrent
70/961 Test: CUnit_ddsrt_hopscotch_concurrent
Command: "D:/MSYS2/download/SylixOS_cyclonedds/cyclonedds/sylixOS_ddsc/bin/cunit_ddsrt" "-s" "ddsrt_hopscotch" "-t" "concurrent"
Directory: D:/MSYS2/download/SylixOS_cyclonedds/cyclonedds/sylixOS_ddsc/src/ddsrt/tests
"CUnit_ddsrt_hopscotch_concurrent" start time: Dec 22 16:57 中国标准时间
Output:
----------------------------------------------------------
<end of output>
Test time =   0.00 sec
----------------------------------------------------------
Test Failed.
"CUnit_ddsrt_hopscotch_concurrent" end time: Dec 22 16:57 中国标准时间
"CUnit_ddsrt_hopscotch_concurrent" time elapsed: 00:00:00
----------------------------------------------------------

71/961 Testing: CUnit_ddsrt_hopscotch_random
71/961 Test: CUnit_ddsrt_hopscotch_random
Command: "D:/MSYS2/download/SylixOS_cyclonedds/cyclonedds/sylixOS_ddsc/bin/cunit_ddsrt" "-s" "ddsrt_hopscotch" "-t" "random"
Directory: D:/MSYS2/download/SylixOS_cyclonedds/cyclonedds/sylixOS_ddsc/src/ddsrt/tests
"CUnit_ddsrt_hopscotch_random" start time: Dec 22 16:57 中国标准时间
Output:
----------------------------------------------------------
<end of output>
Test time =   0.00 sec
----------------------------------------------------------
Test Failed.
"CUnit_ddsrt_hopscotch_random" end time: Dec 22 16:57 中国标准时间
"CUnit_ddsrt_hopscotch_random" time elapsed: 00:00:00
----------------------------------------------------------

72/961 Testing: CUnit_ddsrt_random_mt19937
72/961 Test: CUnit_ddsrt_random_mt19937
Command: "D:/MSYS2/download/SylixOS_cyclonedds/cyclonedds/sylixOS_ddsc/bin/cunit_ddsrt" "-s" "ddsrt_random" "-t" "mt19937"
Directory: D:/MSYS2/download/SylixOS_cyclonedds/cyclonedds/sylixOS_ddsc/src/ddsrt/tests
"CUnit_ddsrt_random_mt19937" start time: Dec 22 16:57 中国标准时间
Output:
----------------------------------------------------------
<end of output>
Test time =   0.00 sec
----------------------------------------------------------
Test Failed.
"CUnit_ddsrt_random_mt19937" end time: Dec 22 16:57 中国标准时间
"CUnit_ddsrt_random_mt19937" time elapsed: 00:00:00
----------------------------------------------------------

73/961 Testing: CUnit_ddsrt_random_makeseed
73/961 Test: CUnit_ddsrt_random_makeseed
Command: "D:/MSYS2/download/SylixOS_cyclonedds/cyclonedds/sylixOS_ddsc/bin/cunit_ddsrt" "-s" "ddsrt_random" "-t" "makeseed"
Directory: D:/MSYS2/download/SylixOS_cyclonedds/cyclonedds/sylixOS_ddsc/src/ddsrt/tests
"CUnit_ddsrt_random_makeseed" start time: Dec 22 16:57 中国标准时间
Output:
----------------------------------------------------------
<end of output>
Test time =   0.00 sec
----------------------------------------------------------
Test Failed.
"CUnit_ddsrt_random_makeseed" end time: Dec 22 16:57 中国标准时间
"CUnit_ddsrt_random_makeseed" time elapsed: 00:00:00
----------------------------------------------------------

74/961 Testing: CUnit_ddsrt_random_default_random
74/961 Test: CUnit_ddsrt_random_default_random
Command: "D:/MSYS2/download/SylixOS_cyclonedds/cyclonedds/sylixOS_ddsc/bin/cunit_ddsrt" "-s" "ddsrt_random" "-t" "default_random"
Directory: D:/MSYS2/download/SylixOS_cyclonedds/cyclonedds/sylixOS_ddsc/src/ddsrt/tests
"CUnit_ddsrt_random_default_random" start time: Dec 22 16:57 中国标准时间
Output:
----------------------------------------------------------
<end of output>
Test time =   0.00 sec
----------------------------------------------------------
Test Failed.
"CUnit_ddsrt_random_default_random" end time: Dec 22 16:57 中国标准时间
"CUnit_ddsrt_random_default_random" time elapsed: 00:00:00
----------------------------------------------------------

75/961 Testing: CUnit_ddsrt_retcode_unknown
75/961 Test: CUnit_ddsrt_retcode_unknown
Command: "D:/MSYS2/download/SylixOS_cyclonedds/cyclonedds/sylixOS_ddsc/bin/cunit_ddsrt" "-s" "ddsrt_retcode" "-t" "unknown"
Directory: D:/MSYS2/download/SylixOS_cyclonedds/cyclonedds/sylixOS_ddsc/src/ddsrt/tests
"CUnit_ddsrt_retcode_unknown" start time: Dec 22 16:57 中国标准时间
Output:
----------------------------------------------------------
<end of output>
Test time =   0.00 sec
----------------------------------------------------------
Test Failed.
"CUnit_ddsrt_retcode_unknown" end time: Dec 22 16:57 中国标准时间
"CUnit_ddsrt_retcode_unknown" time elapsed: 00:00:00
----------------------------------------------------------

76/961 Testing: CUnit_ddsrt_retcode_spotchecks
76/961 Test: CUnit_ddsrt_retcode_spotchecks
Command: "D:/MSYS2/download/SylixOS_cyclonedds/cyclonedds/sylixOS_ddsc/bin/cunit_ddsrt" "-s" "ddsrt_retcode" "-t" "spotchecks"
Directory: D:/MSYS2/download/SylixOS_cyclonedds/cyclonedds/sylixOS_ddsc/src/ddsrt/tests
"CUnit_ddsrt_retcode_spotchecks" start time: Dec 22 16:57 中国标准时间
Output:
----------------------------------------------------------
<end of output>
Test time =   0.00 sec
----------------------------------------------------------
Test Failed.
"CUnit_ddsrt_retcode_spotchecks" end time: Dec 22 16:57 中国标准时间
"CUnit_ddsrt_retcode_spotchecks" time elapsed: 00:00:00
----------------------------------------------------------

77/961 Testing: CUnit_ddsrt_strlcpy_dest_size
77/961 Test: CUnit_ddsrt_strlcpy_dest_size
Command: "D:/MSYS2/download/SylixOS_cyclonedds/cyclonedds/sylixOS_ddsc/bin/cunit_ddsrt" "-s" "ddsrt_strlcpy" "-t" "dest_size"
Directory: D:/MSYS2/download/SylixOS_cyclonedds/cyclonedds/sylixOS_ddsc/src/ddsrt/tests
"CUnit_ddsrt_strlcpy_dest_size" start time: Dec 22 16:57 中国标准时间
Output:
----------------------------------------------------------
<end of output>
Test time =   0.00 sec
----------------------------------------------------------
Test Failed.
"CUnit_ddsrt_strlcpy_dest_size" end time: Dec 22 16:57 中国标准时间
"CUnit_ddsrt_strlcpy_dest_size" time elapsed: 00:00:00
----------------------------------------------------------

78/961 Testing: CUnit_ddsrt_strlcat_dest_size
78/961 Test: CUnit_ddsrt_strlcat_dest_size
Command: "D:/MSYS2/download/SylixOS_cyclonedds/cyclonedds/sylixOS_ddsc/bin/cunit_ddsrt" "-s" "ddsrt_strlcat" "-t" "dest_size"
Directory: D:/MSYS2/download/SylixOS_cyclonedds/cyclonedds/sylixOS_ddsc/src/ddsrt/tests
"CUnit_ddsrt_strlcat_dest_size" start time: Dec 22 16:57 中国标准时间
Output:
----------------------------------------------------------
<end of output>
Test time =   0.00 sec
----------------------------------------------------------
Test Failed.
"CUnit_ddsrt_strlcat_dest_size" end time: Dec 22 16:57 中国标准时间
"CUnit_ddsrt_strlcat_dest_size" time elapsed: 00:00:00
----------------------------------------------------------

79/961 Testing: CUnit_ddsrt_sockaddrfromstr_bad_family
79/961 Test: CUnit_ddsrt_sockaddrfromstr_bad_family
Command: "D:/MSYS2/download/SylixOS_cyclonedds/cyclonedds/sylixOS_ddsc/bin/cunit_ddsrt" "-s" "ddsrt_sockaddrfromstr" "-t" "bad_family"
Directory: D:/MSYS2/download/SylixOS_cyclonedds/cyclonedds/sylixOS_ddsc/src/ddsrt/tests
"CUnit_ddsrt_sockaddrfromstr_bad_family" start time: Dec 22 16:57 中国标准时间
Output:
----------------------------------------------------------
<end of output>
Test time =   0.00 sec
----------------------------------------------------------
Test Failed.
"CUnit_ddsrt_sockaddrfromstr_bad_family" end time: Dec 22 16:57 中国标准时间
"CUnit_ddsrt_sockaddrfromstr_bad_family" time elapsed: 00:00:00
----------------------------------------------------------

80/961 Testing: CUnit_ddsrt_sockaddrtostr_bad_sockaddr
80/961 Test: CUnit_ddsrt_sockaddrtostr_bad_sockaddr
Command: "D:/MSYS2/download/SylixOS_cyclonedds/cyclonedds/sylixOS_ddsc/bin/cunit_ddsrt" "-s" "ddsrt_sockaddrtostr" "-t" "bad_sockaddr"
Directory: D:/MSYS2/download/SylixOS_cyclonedds/cyclonedds/sylixOS_ddsc/src/ddsrt/tests
"CUnit_ddsrt_sockaddrtostr_bad_sockaddr" start time: Dec 22 16:57 中国标准时间
Output:
----------------------------------------------------------
<end of output>
Test time =   0.00 sec
----------------------------------------------------------
Test Failed.
"CUnit_ddsrt_sockaddrtostr_bad_sockaddr" end time: Dec 22 16:57 中国标准时间
"CUnit_ddsrt_sockaddrtostr_bad_sockaddr" time elapsed: 00:00:00
----------------------------------------------------------

81/961 Testing: CUnit_ddsrt_sockaddrtostr_no_space
81/961 Test: CUnit_ddsrt_sockaddrtostr_no_space
Command: "D:/MSYS2/download/SylixOS_cyclonedds/cyclonedds/sylixOS_ddsc/bin/cunit_ddsrt" "-s" "ddsrt_sockaddrtostr" "-t" "no_space"
Directory: D:/MSYS2/download/SylixOS_cyclonedds/cyclonedds/sylixOS_ddsc/src/ddsrt/tests
"CUnit_ddsrt_sockaddrtostr_no_space" start time: Dec 22 16:57 中国标准时间
Output:
----------------------------------------------------------
<end of output>
Test time =   0.00 sec
----------------------------------------------------------
Test Failed.
"CUnit_ddsrt_sockaddrtostr_no_space" end time: Dec 22 16:57 中国标准时间
"CUnit_ddsrt_sockaddrtostr_no_space" time elapsed: 00:00:00
----------------------------------------------------------

82/961 Testing: CUnit_ddsrt_sockaddrtostr_ipv4
82/961 Test: CUnit_ddsrt_sockaddrtostr_ipv4
Command: "D:/MSYS2/download/SylixOS_cyclonedds/cyclonedds/sylixOS_ddsc/bin/cunit_ddsrt" "-s" "ddsrt_sockaddrtostr" "-t" "ipv4"
Directory: D:/MSYS2/download/SylixOS_cyclonedds/cyclonedds/sylixOS_ddsc/src/ddsrt/tests
"CUnit_ddsrt_sockaddrtostr_ipv4" start time: Dec 22 16:57 中国标准时间
Output:
----------------------------------------------------------
<end of output>
Test time =   0.00 sec
----------------------------------------------------------
Test Failed.
"CUnit_ddsrt_sockaddrtostr_ipv4" end time: Dec 22 16:57 中国标准时间
"CUnit_ddsrt_sockaddrtostr_ipv4" time elapsed: 00:00:00
----------------------------------------------------------

83/961 Testing: CUnit_ddsrt_sockaddrtostr_ipv6
83/961 Test: CUnit_ddsrt_sockaddrtostr_ipv6
Command: "D:/MSYS2/download/SylixOS_cyclonedds/cyclonedds/sylixOS_ddsc/bin/cunit_ddsrt" "-s" "ddsrt_sockaddrtostr" "-t" "ipv6"
Directory: D:/MSYS2/download/SylixOS_cyclonedds/cyclonedds/sylixOS_ddsc/src/ddsrt/tests
"CUnit_ddsrt_sockaddrtostr_ipv6" start time: Dec 22 16:57 中国标准时间
Output:
----------------------------------------------------------
<end of output>
Test time =   0.00 sec
----------------------------------------------------------
Test Failed.
"CUnit_ddsrt_sockaddrtostr_ipv6" end time: Dec 22 16:57 中国标准时间
"CUnit_ddsrt_sockaddrtostr_ipv6" time elapsed: 00:00:00
----------------------------------------------------------

84/961 Testing: CUnit_ddsrt_sockets_gethostname
84/961 Test: CUnit_ddsrt_sockets_gethostname
Command: "D:/MSYS2/download/SylixOS_cyclonedds/cyclonedds/sylixOS_ddsc/bin/cunit_ddsrt" "-s" "ddsrt_sockets" "-t" "gethostname"
Directory: D:/MSYS2/download/SylixOS_cyclonedds/cyclonedds/sylixOS_ddsc/src/ddsrt/tests
"CUnit_ddsrt_sockets_gethostname" start time: Dec 22 16:57 中国标准时间
Output:
----------------------------------------------------------
<end of output>
Test time =   0.00 sec
----------------------------------------------------------
Test Failed.
"CUnit_ddsrt_sockets_gethostname" end time: Dec 22 16:57 中国标准时间
"CUnit_ddsrt_sockets_gethostname" time elapsed: 00:00:00
----------------------------------------------------------

85/961 Testing: CUnit_ddsrt_sockaddrfromstr_ipv4
85/961 Test: CUnit_ddsrt_sockaddrfromstr_ipv4
Command: "D:/MSYS2/download/SylixOS_cyclonedds/cyclonedds/sylixOS_ddsc/bin/cunit_ddsrt" "-s" "ddsrt_sockaddrfromstr" "-t" "ipv4"
Directory: D:/MSYS2/download/SylixOS_cyclonedds/cyclonedds/sylixOS_ddsc/src/ddsrt/tests
"CUnit_ddsrt_sockaddrfromstr_ipv4" start time: Dec 22 16:57 中国标准时间
Output:
----------------------------------------------------------
<end of output>
Test time =   0.00 sec
----------------------------------------------------------
Test Failed.
"CUnit_ddsrt_sockaddrfromstr_ipv4" end time: Dec 22 16:57 中国标准时间
"CUnit_ddsrt_sockaddrfromstr_ipv4" time elapsed: 00:00:00
----------------------------------------------------------

86/961 Testing: CUnit_ddsrt_sockaddrfromstr_ipv6
86/961 Test: CUnit_ddsrt_sockaddrfromstr_ipv6
Command: "D:/MSYS2/download/SylixOS_cyclonedds/cyclonedds/sylixOS_ddsc/bin/cunit_ddsrt" "-s" "ddsrt_sockaddrfromstr" "-t" "ipv6"
Directory: D:/MSYS2/download/SylixOS_cyclonedds/cyclonedds/sylixOS_ddsc/src/ddsrt/tests
"CUnit_ddsrt_sockaddrfromstr_ipv6" start time: Dec 22 16:57 中国标准时间
Output:
----------------------------------------------------------
<end of output>
Test time =   0.00 sec
----------------------------------------------------------
Test Failed.
"CUnit_ddsrt_sockaddrfromstr_ipv6" end time: Dec 22 16:57 中国标准时间
"CUnit_ddsrt_sockaddrfromstr_ipv6" time elapsed: 00:00:00
----------------------------------------------------------

87/961 Testing: CUnit_ddsrt_gethostbyname_ipv4
87/961 Test: CUnit_ddsrt_gethostbyname_ipv4
Command: "D:/MSYS2/download/SylixOS_cyclonedds/cyclonedds/sylixOS_ddsc/bin/cunit_ddsrt" "-s" "ddsrt_gethostbyname" "-t" "ipv4"
Directory: D:/MSYS2/download/SylixOS_cyclonedds/cyclonedds/sylixOS_ddsc/src/ddsrt/tests
"CUnit_ddsrt_gethostbyname_ipv4" start time: Dec 22 16:57 中国标准时间
Output:
----------------------------------------------------------
<end of output>
Test time =   0.00 sec
----------------------------------------------------------
Test Failed.
"CUnit_ddsrt_gethostbyname_ipv4" end time: Dec 22 16:57 中国标准时间
"CUnit_ddsrt_gethostbyname_ipv4" time elapsed: 00:00:00
----------------------------------------------------------

88/961 Testing: CUnit_ddsrt_gethostbyname_ipv6
88/961 Test: CUnit_ddsrt_gethostbyname_ipv6
Command: "D:/MSYS2/download/SylixOS_cyclonedds/cyclonedds/sylixOS_ddsc/bin/cunit_ddsrt" "-s" "ddsrt_gethostbyname" "-t" "ipv6"
Directory: D:/MSYS2/download/SylixOS_cyclonedds/cyclonedds/sylixOS_ddsc/src/ddsrt/tests
"CUnit_ddsrt_gethostbyname_ipv6" start time: Dec 22 16:57 中国标准时间
Output:
----------------------------------------------------------
<end of output>
Test time =   0.00 sec
----------------------------------------------------------
Test Failed.
"CUnit_ddsrt_gethostbyname_ipv6" end time: Dec 22 16:57 中国标准时间
"CUnit_ddsrt_gethostbyname_ipv6" time elapsed: 00:00:00
----------------------------------------------------------

89/961 Testing: CUnit_ddsrt_select_duration_to_timeval
89/961 Test: CUnit_ddsrt_select_duration_to_timeval
Command: "D:/MSYS2/download/SylixOS_cyclonedds/cyclonedds/sylixOS_ddsc/bin/cunit_ddsrt" "-s" "ddsrt_select" "-t" "duration_to_timeval"
Directory: D:/MSYS2/download/SylixOS_cyclonedds/cyclonedds/sylixOS_ddsc/src/ddsrt/tests
"CUnit_ddsrt_select_duration_to_timeval" start time: Dec 22 16:57 中国标准时间
Output:
----------------------------------------------------------
<end of output>
Test time =   0.00 sec
----------------------------------------------------------
Test Failed.
"CUnit_ddsrt_select_duration_to_timeval" end time: Dec 22 16:57 中国标准时间
"CUnit_ddsrt_select_duration_to_timeval" time elapsed: 00:00:00
----------------------------------------------------------

90/961 Testing: CUnit_ddsrt_select_timeout
90/961 Test: CUnit_ddsrt_select_timeout
Command: "D:/MSYS2/download/SylixOS_cyclonedds/cyclonedds/sylixOS_ddsc/bin/cunit_ddsrt" "-s" "ddsrt_select" "-t" "timeout"
Directory: D:/MSYS2/download/SylixOS_cyclonedds/cyclonedds/sylixOS_ddsc/src/ddsrt/tests
"CUnit_ddsrt_select_timeout" start time: Dec 22 16:57 中国标准时间
Output:
----------------------------------------------------------
<end of output>
Test time =   0.00 sec
----------------------------------------------------------
Test Failed.
"CUnit_ddsrt_select_timeout" end time: Dec 22 16:57 中国标准时间
"CUnit_ddsrt_select_timeout" time elapsed: 00:00:00
----------------------------------------------------------

91/961 Testing: CUnit_ddsrt_select_send_recv
91/961 Test: CUnit_ddsrt_select_send_recv
Command: "D:/MSYS2/download/SylixOS_cyclonedds/cyclonedds/sylixOS_ddsc/bin/cunit_ddsrt" "-s" "ddsrt_select" "-t" "send_recv"
Directory: D:/MSYS2/download/SylixOS_cyclonedds/cyclonedds/sylixOS_ddsc/src/ddsrt/tests
"CUnit_ddsrt_select_send_recv" start time: Dec 22 16:57 中国标准时间
Output:
----------------------------------------------------------
<end of output>
Test time =   0.00 sec
----------------------------------------------------------
Test Failed.
"CUnit_ddsrt_select_send_recv" end time: Dec 22 16:57 中国标准时间
"CUnit_ddsrt_select_send_recv" time elapsed: 00:00:00
----------------------------------------------------------

92/961 Testing: CUnit_ddsrt_select_sendmsg_recvmsg
92/961 Test: CUnit_ddsrt_select_sendmsg_recvmsg
Command: "D:/MSYS2/download/SylixOS_cyclonedds/cyclonedds/sylixOS_ddsc/bin/cunit_ddsrt" "-s" "ddsrt_select" "-t" "sendmsg_recvmsg"
Directory: D:/MSYS2/download/SylixOS_cyclonedds/cyclonedds/sylixOS_ddsc/src/ddsrt/tests
"CUnit_ddsrt_select_sendmsg_recvmsg" start time: Dec 22 16:57 中国标准时间
Output:
----------------------------------------------------------
<end of output>
Test time =   0.00 sec
----------------------------------------------------------
Test Failed.
"CUnit_ddsrt_select_sendmsg_recvmsg" end time: Dec 22 16:57 中国标准时间
"CUnit_ddsrt_select_sendmsg_recvmsg" time elapsed: 00:00:00
----------------------------------------------------------

93/961 Testing: CUnit_ddssec_fsm_create
93/961 Test: CUnit_ddssec_fsm_create
Command: "D:/MSYS2/download/SylixOS_cyclonedds/cyclonedds/sylixOS_ddsc/bin/cunit_security_core" "-s" "ddssec_fsm" "-t" "create"
Directory: D:/MSYS2/download/SylixOS_cyclonedds/cyclonedds/sylixOS_ddsc/src/security/core/tests
"CUnit_ddssec_fsm_create" start time: Dec 22 16:57 中国标准时间
Output:
----------------------------------------------------------
<end of output>
Test time =   0.00 sec
----------------------------------------------------------
Test Failed.
"CUnit_ddssec_fsm_create" end time: Dec 22 16:57 中国标准时间
"CUnit_ddssec_fsm_create" time elapsed: 00:00:00
----------------------------------------------------------

94/961 Testing: CUnit_ddssec_fsm_multiple
94/961 Test: CUnit_ddssec_fsm_multiple
Command: "D:/MSYS2/download/SylixOS_cyclonedds/cyclonedds/sylixOS_ddsc/bin/cunit_security_core" "-s" "ddssec_fsm" "-t" "multiple"
Directory: D:/MSYS2/download/SylixOS_cyclonedds/cyclonedds/sylixOS_ddsc/src/security/core/tests
"CUnit_ddssec_fsm_multiple" start time: Dec 22 16:57 中国标准时间
Output:
----------------------------------------------------------
<end of output>
Test time =   0.00 sec
----------------------------------------------------------
Test Failed.
"CUnit_ddssec_fsm_multiple" end time: Dec 22 16:57 中国标准时间
"CUnit_ddssec_fsm_multiple" time elapsed: 00:00:00
----------------------------------------------------------

95/961 Testing: CUnit_ddssec_fsm_timeout
95/961 Test: CUnit_ddssec_fsm_timeout
Command: "D:/MSYS2/download/SylixOS_cyclonedds/cyclonedds/sylixOS_ddsc/bin/cunit_security_core" "-s" "ddssec_fsm" "-t" "timeout"
Directory: D:/MSYS2/download/SylixOS_cyclonedds/cyclonedds/sylixOS_ddsc/src/security/core/tests
"CUnit_ddssec_fsm_timeout" start time: Dec 22 16:57 中国标准时间
Output:
----------------------------------------------------------
<end of output>
Test time =   0.00 sec
----------------------------------------------------------
Test Failed.
"CUnit_ddssec_fsm_timeout" end time: Dec 22 16:57 中国标准时间
"CUnit_ddssec_fsm_timeout" time elapsed: 00:00:00
----------------------------------------------------------

96/961 Testing: CUnit_ddssec_fsm_double_timeout
96/961 Test: CUnit_ddssec_fsm_double_timeout
Command: "D:/MSYS2/download/SylixOS_cyclonedds/cyclonedds/sylixOS_ddsc/bin/cunit_security_core" "-s" "ddssec_fsm" "-t" "double_timeout"
Directory: D:/MSYS2/download/SylixOS_cyclonedds/cyclonedds/sylixOS_ddsc/src/security/core/tests
"CUnit_ddssec_fsm_double_timeout" start time: Dec 22 16:57 中国标准时间
Output:
----------------------------------------------------------
<end of output>
Test time =   0.00 sec
----------------------------------------------------------
Test Failed.
"CUnit_ddssec_fsm_double_timeout" end time: Dec 22 16:57 中国标准时间
"CUnit_ddssec_fsm_double_timeout" time elapsed: 00:00:00
----------------------------------------------------------

97/961 Testing: CUnit_ddssec_fsm_parallel_timeout
97/961 Test: CUnit_ddssec_fsm_parallel_timeout
Command: "D:/MSYS2/download/SylixOS_cyclonedds/cyclonedds/sylixOS_ddsc/bin/cunit_security_core" "-s" "ddssec_fsm" "-t" "parallel_timeout"
Directory: D:/MSYS2/download/SylixOS_cyclonedds/cyclonedds/sylixOS_ddsc/src/security/core/tests
"CUnit_ddssec_fsm_parallel_timeout" start time: Dec 22 16:57 中国标准时间
Output:
----------------------------------------------------------
<end of output>
Test time =   0.00 sec
----------------------------------------------------------
Test Failed.
"CUnit_ddssec_fsm_parallel_timeout" end time: Dec 22 16:57 中国标准时间
"CUnit_ddssec_fsm_parallel_timeout" time elapsed: 00:00:00
----------------------------------------------------------

98/961 Testing: CUnit_ddssec_fsm_delete_with_timeout
98/961 Test: CUnit_ddssec_fsm_delete_with_timeout
Command: "D:/MSYS2/download/SylixOS_cyclonedds/cyclonedds/sylixOS_ddsc/bin/cunit_security_core" "-s" "ddssec_fsm" "-t" "delete_with_timeout"
Directory: D:/MSYS2/download/SylixOS_cyclonedds/cyclonedds/sylixOS_ddsc/src/security/core/tests
"CUnit_ddssec_fsm_delete_with_timeout" start time: Dec 22 16:57 中国标准时间
Output:
----------------------------------------------------------
<end of output>
Test time =   0.00 sec
----------------------------------------------------------
Test Failed.
"CUnit_ddssec_fsm_delete_with_timeout" end time: Dec 22 16:57 中国标准时间
"CUnit_ddssec_fsm_delete_with_timeout" time elapsed: 00:00:00
----------------------------------------------------------

99/961 Testing: CUnit_ddssec_timed_cb_simple_test
99/961 Test: CUnit_ddssec_timed_cb_simple_test
Command: "D:/MSYS2/download/SylixOS_cyclonedds/cyclonedds/sylixOS_ddsc/bin/cunit_security_core" "-s" "ddssec_timed_cb" "-t" "simple_test"
Directory: D:/MSYS2/download/SylixOS_cyclonedds/cyclonedds/sylixOS_ddsc/src/security/core/tests
"CUnit_ddssec_timed_cb_simple_test" start time: Dec 22 16:57 中国标准时间
Output:
----------------------------------------------------------
<end of output>
Test time =   0.00 sec
----------------------------------------------------------
Test Failed.
"CUnit_ddssec_timed_cb_simple_test" end time: Dec 22 16:57 中国标准时间
"CUnit_ddssec_timed_cb_simple_test" time elapsed: 00:00:00
----------------------------------------------------------

100/961 Testing: CUnit_ddssec_timed_cb_simple_order
100/961 Test: CUnit_ddssec_timed_cb_simple_order
Command: "D:/MSYS2/download/SylixOS_cyclonedds/cyclonedds/sylixOS_ddsc/bin/cunit_security_core" "-s" "ddssec_timed_cb" "-t" "simple_order"
Directory: D:/MSYS2/download/SylixOS_cyclonedds/cyclonedds/sylixOS_ddsc/src/security/core/tests
"CUnit_ddssec_timed_cb_simple_order" start time: Dec 22 16:57 中国标准时间
Output:
----------------------------------------------------------
<end of output>
Test time =   0.00 sec
----------------------------------------------------------
Test Failed.
"CUnit_ddssec_timed_cb_simple_order" end time: Dec 22 16:57 中国标准时间
"CUnit_ddssec_timed_cb_simple_order" time elapsed: 00:00:00
----------------------------------------------------------

101/961 Testing: CUnit_ddssec_timed_cb_test_enabled_and_disabled
101/961 Test: CUnit_ddssec_timed_cb_test_enabled_and_disabled
Command: "D:/MSYS2/download/SylixOS_cyclonedds/cyclonedds/sylixOS_ddsc/bin/cunit_security_core" "-s" "ddssec_timed_cb" "-t" "test_enabled_and_disabled"
Directory: D:/MSYS2/download/SylixOS_cyclonedds/cyclonedds/sylixOS_ddsc/src/security/core/tests
"CUnit_ddssec_timed_cb_test_enabled_and_disabled" start time: Dec 22 16:57 中国标准时间
Output:
----------------------------------------------------------
<end of output>
Test time =   0.00 sec
----------------------------------------------------------
Test Failed.
"CUnit_ddssec_timed_cb_test_enabled_and_disabled" end time: Dec 22 16:57 中国标准时间
"CUnit_ddssec_timed_cb_test_enabled_and_disabled" time elapsed: 00:00:00
----------------------------------------------------------

102/961 Testing: CUnit_ddssec_timed_cb_simple_test_with_future
102/961 Test: CUnit_ddssec_timed_cb_simple_test_with_future
Command: "D:/MSYS2/download/SylixOS_cyclonedds/cyclonedds/sylixOS_ddsc/bin/cunit_security_core" "-s" "ddssec_timed_cb" "-t" "simple_test_with_future"
Directory: D:/MSYS2/download/SylixOS_cyclonedds/cyclonedds/sylixOS_ddsc/src/security/core/tests
"CUnit_ddssec_timed_cb_simple_test_with_future" start time: Dec 22 16:57 中国标准时间
Output:
----------------------------------------------------------
<end of output>
Test time =   0.00 sec
----------------------------------------------------------
Test Failed.
"CUnit_ddssec_timed_cb_simple_test_with_future" end time: Dec 22 16:57 中国标准时间
"CUnit_ddssec_timed_cb_simple_test_with_future" time elapsed: 00:00:00
----------------------------------------------------------

103/961 Testing: CUnit_ddssec_timed_cb_test_multiple_dispatchers
103/961 Test: CUnit_ddssec_timed_cb_test_multiple_dispatchers
Command: "D:/MSYS2/download/SylixOS_cyclonedds/cyclonedds/sylixOS_ddsc/bin/cunit_security_core" "-s" "ddssec_timed_cb" "-t" "test_multiple_dispatchers"
Directory: D:/MSYS2/download/SylixOS_cyclonedds/cyclonedds/sylixOS_ddsc/src/security/core/tests
"CUnit_ddssec_timed_cb_test_multiple_dispatchers" start time: Dec 22 16:57 中国标准时间
Output:
----------------------------------------------------------
<end of output>
Test time =   0.00 sec
----------------------------------------------------------
Test Failed.
"CUnit_ddssec_timed_cb_test_multiple_dispatchers" end time: Dec 22 16:57 中国标准时间
"CUnit_ddssec_timed_cb_test_multiple_dispatchers" time elapsed: 00:00:00
----------------------------------------------------------

104/961 Testing: CUnit_ddssec_timed_cb_test_create_dispatcher
104/961 Test: CUnit_ddssec_timed_cb_test_create_dispatcher
Command: "D:/MSYS2/download/SylixOS_cyclonedds/cyclonedds/sylixOS_ddsc/bin/cunit_security_core" "-s" "ddssec_timed_cb" "-t" "test_create_dispatcher"
Directory: D:/MSYS2/download/SylixOS_cyclonedds/cyclonedds/sylixOS_ddsc/src/security/core/tests
"CUnit_ddssec_timed_cb_test_create_dispatcher" start time: Dec 22 16:57 中国标准时间
Output:
----------------------------------------------------------
<end of output>
Test time =   0.00 sec
----------------------------------------------------------
Test Failed.
"CUnit_ddssec_timed_cb_test_create_dispatcher" end time: Dec 22 16:57 中国标准时间
"CUnit_ddssec_timed_cb_test_create_dispatcher" time elapsed: 00:00:00
----------------------------------------------------------

105/961 Testing: CUnit_ddssec_timed_cb_test_remove_timer
105/961 Test: CUnit_ddssec_timed_cb_test_remove_timer
Command: "D:/MSYS2/download/SylixOS_cyclonedds/cyclonedds/sylixOS_ddsc/bin/cunit_security_core" "-s" "ddssec_timed_cb" "-t" "test_remove_timer"
Directory: D:/MSYS2/download/SylixOS_cyclonedds/cyclonedds/sylixOS_ddsc/src/security/core/tests
"CUnit_ddssec_timed_cb_test_remove_timer" start time: Dec 22 16:57 中国标准时间
Output:
----------------------------------------------------------
<end of output>
Test time =   0.00 sec
----------------------------------------------------------
Test Failed.
"CUnit_ddssec_timed_cb_test_remove_timer" end time: Dec 22 16:57 中国标准时间
"CUnit_ddssec_timed_cb_test_remove_timer" time elapsed: 00:00:00
----------------------------------------------------------

106/961 Testing: CUnit_ddssec_security_utils_parse_xml_date
106/961 Test: CUnit_ddssec_security_utils_parse_xml_date
Command: "D:/MSYS2/download/SylixOS_cyclonedds/cyclonedds/sylixOS_ddsc/bin/cunit_security_core" "-s" "ddssec_security_utils" "-t" "parse_xml_date"
Directory: D:/MSYS2/download/SylixOS_cyclonedds/cyclonedds/sylixOS_ddsc/src/security/core/tests
"CUnit_ddssec_security_utils_parse_xml_date" start time: Dec 22 16:57 中国标准时间
Output:
----------------------------------------------------------
<end of output>
Test time =   0.00 sec
----------------------------------------------------------
Test Failed.
"CUnit_ddssec_security_utils_parse_xml_date" end time: Dec 22 16:57 中国标准时间
"CUnit_ddssec_security_utils_parse_xml_date" time elapsed: 00:00:00
----------------------------------------------------------

107/961 Testing: CUnit_ddsi_ipaddr_is_nearby_address
107/961 Test: CUnit_ddsi_ipaddr_is_nearby_address
[...]
----------------------------------------------------------
<end of output>
Test time =   0.00 sec
----------------------------------------------------------
Test Failed.
"CUnit_ddsc_psmx_one_writer_slowpath" end time: Dec 22 16:57 中国标准时间
"CUnit_ddsc_psmx_one_writer_slowpath" time elapsed: 00:00:00
----------------------------------------------------------

936/961 Testing: CUnit_ddsc_psmx_one_writer_wloan
936/961 Test: CUnit_ddsc_psmx_one_writer_wloan
Command: "D:/MSYS2/download/SylixOS_cyclonedds/cyclonedds/sylixOS_ddsc/bin/cunit_ddsc" "-s" "ddsc_psmx" "-t" "one_writer_wloan"
Directory: D:/MSYS2/download/SylixOS_cyclonedds/cyclonedds/sylixOS_ddsc/src/core/ddsc/tests
"CUnit_ddsc_psmx_one_writer_wloan" start time: Dec 22 16:57 中国标准时间
Output:
----------------------------------------------------------
<end of output>
Test time =   0.00 sec
----------------------------------------------------------
Test Failed.
"CUnit_ddsc_psmx_one_writer_wloan" end time: Dec 22 16:57 中国标准时间
"CUnit_ddsc_psmx_one_writer_wloan" time elapsed: 00:00:00
----------------------------------------------------------

937/961 Testing: CUnit_ddsc_psmx_one_writer_rloan
937/961 Test: CUnit_ddsc_psmx_one_writer_rloan
Command: "D:/MSYS2/download/SylixOS_cyclonedds/cyclonedds/sylixOS_ddsc/bin/cunit_ddsc" "-s" "ddsc_psmx" "-t" "one_writer_rloan"
Directory: D:/MSYS2/download/SylixOS_cyclonedds/cyclonedds/sylixOS_ddsc/src/core/ddsc/tests
"CUnit_ddsc_psmx_one_writer_rloan" start time: Dec 22 16:57 中国标准时间
Output:
----------------------------------------------------------
<end of output>
Test time =   0.00 sec
----------------------------------------------------------
Test Failed.
"CUnit_ddsc_psmx_one_writer_rloan" end time: Dec 22 16:57 中国标准时间
"CUnit_ddsc_psmx_one_writer_rloan" time elapsed: 00:00:00
----------------------------------------------------------

938/961 Testing: CUnit_ddsc_psmx_one_writer_wrloan
938/961 Test: CUnit_ddsc_psmx_one_writer_wrloan
Command: "D:/MSYS2/download/SylixOS_cyclonedds/cyclonedds/sylixOS_ddsc/bin/cunit_ddsc" "-s" "ddsc_psmx" "-t" "one_writer_wrloan"
Directory: D:/MSYS2/download/SylixOS_cyclonedds/cyclonedds/sylixOS_ddsc/src/core/ddsc/tests
"CUnit_ddsc_psmx_one_writer_wrloan" start time: Dec 22 16:57 中国标准时间
Output:
----------------------------------------------------------
<end of output>
Test time =   0.00 sec
----------------------------------------------------------
Test Failed.
"CUnit_ddsc_psmx_one_writer_wrloan" end time: Dec 22 16:57 中国标准时间
"CUnit_ddsc_psmx_one_writer_wrloan" time elapsed: 00:00:00
----------------------------------------------------------

939/961 Testing: CUnit_ddsc_psmx_one_writer_forwardcdr
939/961 Test: CUnit_ddsc_psmx_one_writer_forwardcdr
Command: "D:/MSYS2/download/SylixOS_cyclonedds/cyclonedds/sylixOS_ddsc/bin/cunit_ddsc" "-s" "ddsc_psmx" "-t" "one_writer_forwardcdr"
Directory: D:/MSYS2/download/SylixOS_cyclonedds/cyclonedds/sylixOS_ddsc/src/core/ddsc/tests
"CUnit_ddsc_psmx_one_writer_forwardcdr" start time: Dec 22 16:57 中国标准时间
Output:
----------------------------------------------------------
<end of output>
Test time =   0.00 sec
----------------------------------------------------------
Test Failed.
"CUnit_ddsc_psmx_one_writer_forwardcdr" end time: Dec 22 16:57 中国标准时间
"CUnit_ddsc_psmx_one_writer_forwardcdr" time elapsed: 00:00:00
----------------------------------------------------------

940/961 Testing: CUnit_ddsc_psmx_one_writer_forwardcdr_dynsize
940/961 Test: CUnit_ddsc_psmx_one_writer_forwardcdr_dynsize
Command: "D:/MSYS2/download/SylixOS_cyclonedds/cyclonedds/sylixOS_ddsc/bin/cunit_ddsc" "-s" "ddsc_psmx" "-t" "one_writer_forwardcdr_dynsize"
Directory: D:/MSYS2/download/SylixOS_cyclonedds/cyclonedds/sylixOS_ddsc/src/core/ddsc/tests
"CUnit_ddsc_psmx_one_writer_forwardcdr_dynsize" start time: Dec 22 16:57 中国标准时间
Output:
----------------------------------------------------------
<end of output>
Test time =   0.00 sec
----------------------------------------------------------
Test Failed.
"CUnit_ddsc_psmx_one_writer_forwardcdr_dynsize" end time: Dec 22 16:57 中国标准时间
"CUnit_ddsc_psmx_one_writer_forwardcdr_dynsize" time elapsed: 00:00:00
----------------------------------------------------------

941/961 Testing: CUnit_ddsc_psmx_one_writer_forwardcdr_dynsize_strkey
941/961 Test: CUnit_ddsc_psmx_one_writer_forwardcdr_dynsize_strkey
Command: "D:/MSYS2/download/SylixOS_cyclonedds/cyclonedds/sylixOS_ddsc/bin/cunit_ddsc" "-s" "ddsc_psmx" "-t" "one_writer_forwardcdr_dynsize_strkey"
Directory: D:/MSYS2/download/SylixOS_cyclonedds/cyclonedds/sylixOS_ddsc/src/core/ddsc/tests
"CUnit_ddsc_psmx_one_writer_forwardcdr_dynsize_strkey" start time: Dec 22 16:57 中国标准时间
Output:
----------------------------------------------------------
<end of output>
Test time =   0.00 sec
----------------------------------------------------------
Test Failed.
"CUnit_ddsc_psmx_one_writer_forwardcdr_dynsize_strkey" end time: Dec 22 16:57 中国标准时间
"CUnit_ddsc_psmx_one_writer_forwardcdr_dynsize_strkey" time elapsed: 00:00:00
----------------------------------------------------------

942/961 Testing: CUnit_ddsc_psmx_return_loan
942/961 Test: CUnit_ddsc_psmx_return_loan
Command: "D:/MSYS2/download/SylixOS_cyclonedds/cyclonedds/sylixOS_ddsc/bin/cunit_ddsc" "-s" "ddsc_psmx" "-t" "return_loan"
Directory: D:/MSYS2/download/SylixOS_cyclonedds/cyclonedds/sylixOS_ddsc/src/core/ddsc/tests
"CUnit_ddsc_psmx_return_loan" start time: Dec 22 16:57 中国标准时间
Output:
----------------------------------------------------------
<end of output>
Test time =   0.00 sec
----------------------------------------------------------
Test Failed.
"CUnit_ddsc_psmx_return_loan" end time: Dec 22 16:57 中国标准时间
"CUnit_ddsc_psmx_return_loan" time elapsed: 00:00:00
----------------------------------------------------------

943/961 Testing: CUnit_ddsc_psmx_partition_xtalk
943/961 Test: CUnit_ddsc_psmx_partition_xtalk
Command: "D:/MSYS2/download/SylixOS_cyclonedds/cyclonedds/sylixOS_ddsc/bin/cunit_ddsc" "-s" "ddsc_psmx" "-t" "partition_xtalk"
Directory: D:/MSYS2/download/SylixOS_cyclonedds/cyclonedds/sylixOS_ddsc/src/core/ddsc/tests
"CUnit_ddsc_psmx_partition_xtalk" start time: Dec 22 16:57 中国标准时间
Output:
----------------------------------------------------------
<end of output>
Test time =   0.00 sec
----------------------------------------------------------
Test Failed.
"CUnit_ddsc_psmx_partition_xtalk" end time: Dec 22 16:57 中国标准时间
"CUnit_ddsc_psmx_partition_xtalk" time elapsed: 00:00:00
----------------------------------------------------------

944/961 Testing: CUnit_ddsc_psmx_no_shared_memory
944/961 Test: CUnit_ddsc_psmx_no_shared_memory
Command: "D:/MSYS2/download/SylixOS_cyclonedds/cyclonedds/sylixOS_ddsc/bin/cunit_ddsc" "-s" "ddsc_psmx" "-t" "no_shared_memory"
Directory: D:/MSYS2/download/SylixOS_cyclonedds/cyclonedds/sylixOS_ddsc/src/core/ddsc/tests
"CUnit_ddsc_psmx_no_shared_memory" start time: Dec 22 16:57 中国标准时间
Output:
----------------------------------------------------------
<end of output>
Test time =   0.00 sec
----------------------------------------------------------
Test Failed.
"CUnit_ddsc_psmx_no_shared_memory" end time: Dec 22 16:57 中国标准时间
"CUnit_ddsc_psmx_no_shared_memory" time elapsed: 00:00:00
----------------------------------------------------------

945/961 Testing: CUnit_ddsc_psmx_basic
945/961 Test: CUnit_ddsc_psmx_basic
Command: "D:/MSYS2/download/SylixOS_cyclonedds/cyclonedds/sylixOS_ddsc/bin/cunit_ddsc" "-s" "ddsc_psmx" "-t" "basic"
Directory: D:/MSYS2/download/SylixOS_cyclonedds/cyclonedds/sylixOS_ddsc/src/core/ddsc/tests
"CUnit_ddsc_psmx_basic" start time: Dec 22 16:57 中国标准时间
Output:
----------------------------------------------------------
<end of output>
Test time =   0.00 sec
----------------------------------------------------------
Test Failed.
"CUnit_ddsc_psmx_basic" end time: Dec 22 16:57 中国标准时间
"CUnit_ddsc_psmx_basic" time elapsed: 00:00:00
----------------------------------------------------------

946/961 Testing: CUnit_ddsc_psmx_zero_copy
946/961 Test: CUnit_ddsc_psmx_zero_copy
Command: "D:/MSYS2/download/SylixOS_cyclonedds/cyclonedds/sylixOS_ddsc/bin/cunit_ddsc" "-s" "ddsc_psmx" "-t" "zero_copy"
Directory: D:/MSYS2/download/SylixOS_cyclonedds/cyclonedds/sylixOS_ddsc/src/core/ddsc/tests
"CUnit_ddsc_psmx_zero_copy" start time: Dec 22 16:57 中国标准时间
Output:
----------------------------------------------------------
<end of output>
Test time =   0.00 sec
----------------------------------------------------------
Test Failed.
"CUnit_ddsc_psmx_zero_copy" end time: Dec 22 16:57 中国标准时间
"CUnit_ddsc_psmx_zero_copy" time elapsed: 00:00:00
----------------------------------------------------------

947/961 Testing: CUnit_ddsc_psmx_writer_loan
947/961 Test: CUnit_ddsc_psmx_writer_loan
Command: "D:/MSYS2/download/SylixOS_cyclonedds/cyclonedds/sylixOS_ddsc/bin/cunit_ddsc" "-s" "ddsc_psmx" "-t" "writer_loan"
Directory: D:/MSYS2/download/SylixOS_cyclonedds/cyclonedds/sylixOS_ddsc/src/core/ddsc/tests
"CUnit_ddsc_psmx_writer_loan" start time: Dec 22 16:57 中国标准时间
Output:
----------------------------------------------------------
<end of output>
Test time =   0.00 sec
----------------------------------------------------------
Test Failed.
"CUnit_ddsc_psmx_writer_loan" end time: Dec 22 16:57 中国标准时间
"CUnit_ddsc_psmx_writer_loan" time elapsed: 00:00:00
----------------------------------------------------------

948/961 Testing: CUnit_ddsc_psmx_configstr
948/961 Test: CUnit_ddsc_psmx_configstr
Command: "D:/MSYS2/download/SylixOS_cyclonedds/cyclonedds/sylixOS_ddsc/bin/cunit_ddsc" "-s" "ddsc_psmx" "-t" "configstr"
Directory: D:/MSYS2/download/SylixOS_cyclonedds/cyclonedds/sylixOS_ddsc/src/core/ddsc/tests
"CUnit_ddsc_psmx_configstr" start time: Dec 22 16:57 中国标准时间
Output:
----------------------------------------------------------
<end of output>
Test time =   0.00 sec
----------------------------------------------------------
Test Failed.
"CUnit_ddsc_psmx_configstr" end time: Dec 22 16:57 中国标准时间
"CUnit_ddsc_psmx_configstr" time elapsed: 00:00:00
----------------------------------------------------------

949/961 Testing: CUnit_ddsc_lifespan_basic
949/961 Test: CUnit_ddsc_lifespan_basic
Command: "D:/MSYS2/download/SylixOS_cyclonedds/cyclonedds/sylixOS_ddsc/bin/cunit_ddsc" "-s" "ddsc_lifespan" "-t" "basic"
Directory: D:/MSYS2/download/SylixOS_cyclonedds/cyclonedds/sylixOS_ddsc/src/core/ddsc/tests
"CUnit_ddsc_lifespan_basic" start time: Dec 22 16:57 中国标准时间
Output:
----------------------------------------------------------
<end of output>
Test time =   0.00 sec
----------------------------------------------------------
Test Failed.
"CUnit_ddsc_lifespan_basic" end time: Dec 22 16:57 中国标准时间
"CUnit_ddsc_lifespan_basic" time elapsed: 00:00:00
----------------------------------------------------------

950/961 Testing: CUnit_ddsc_deadline_basic
950/961 Test: CUnit_ddsc_deadline_basic
Command: "D:/MSYS2/download/SylixOS_cyclonedds/cyclonedds/sylixOS_ddsc/bin/cunit_ddsc" "-s" "ddsc_deadline" "-t" "basic"
Directory: D:/MSYS2/download/SylixOS_cyclonedds/cyclonedds/sylixOS_ddsc/src/core/ddsc/tests
"CUnit_ddsc_deadline_basic" start time: Dec 22 16:57 中国标准时间
Output:
----------------------------------------------------------
<end of output>
Test time =   0.00 sec
----------------------------------------------------------
Test Failed.
"CUnit_ddsc_deadline_basic" end time: Dec 22 16:57 中国标准时间
"CUnit_ddsc_deadline_basic" time elapsed: 00:00:00
----------------------------------------------------------

951/961 Testing: CUnit_ddsc_deadline_update
951/961 Test: CUnit_ddsc_deadline_update
Command: "D:/MSYS2/download/SylixOS_cyclonedds/cyclonedds/sylixOS_ddsc/bin/cunit_ddsc" "-s" "ddsc_deadline" "-t" "update"
Directory: D:/MSYS2/download/SylixOS_cyclonedds/cyclonedds/sylixOS_ddsc/src/core/ddsc/tests
"CUnit_ddsc_deadline_update" start time: Dec 22 16:57 中国标准时间
Output:
----------------------------------------------------------
<end of output>
Test time =   0.00 sec
----------------------------------------------------------
Test Failed.
"CUnit_ddsc_deadline_update" end time: Dec 22 16:57 中国标准时间
"CUnit_ddsc_deadline_update" time elapsed: 00:00:00
----------------------------------------------------------

952/961 Testing: CUnit_ddsc_deadline_insanely_short
952/961 Test: CUnit_ddsc_deadline_insanely_short
Command: "D:/MSYS2/download/SylixOS_cyclonedds/cyclonedds/sylixOS_ddsc/bin/cunit_ddsc" "-s" "ddsc_deadline" "-t" "insanely_short"
Directory: D:/MSYS2/download/SylixOS_cyclonedds/cyclonedds/sylixOS_ddsc/src/core/ddsc/tests
"CUnit_ddsc_deadline_insanely_short" start time: Dec 22 16:57 中国标准时间
Output:
----------------------------------------------------------
<end of output>
Test time =   0.00 sec
----------------------------------------------------------
Test Failed.
"CUnit_ddsc_deadline_insanely_short" end time: Dec 22 16:57 中国标准时间
"CUnit_ddsc_deadline_insanely_short" time elapsed: 00:00:00
----------------------------------------------------------

953/961 Testing: CUnit_ddsc_deadline_insanely_long
953/961 Test: CUnit_ddsc_deadline_insanely_long
Command: "D:/MSYS2/download/SylixOS_cyclonedds/cyclonedds/sylixOS_ddsc/bin/cunit_ddsc" "-s" "ddsc_deadline" "-t" "insanely_long"
Directory: D:/MSYS2/download/SylixOS_cyclonedds/cyclonedds/sylixOS_ddsc/src/core/ddsc/tests
"CUnit_ddsc_deadline_insanely_long" start time: Dec 22 16:57 中国标准时间
Output:
----------------------------------------------------------
<end of output>
Test time =   0.00 sec
----------------------------------------------------------
Test Failed.
"CUnit_ddsc_deadline_insanely_long" end time: Dec 22 16:57 中国标准时间
"CUnit_ddsc_deadline_insanely_long" time elapsed: 00:00:00
----------------------------------------------------------

954/961 Testing: CUnit_ddsc_deadline_writer_types
954/961 Test: CUnit_ddsc_deadline_writer_types
Command: "D:/MSYS2/download/SylixOS_cyclonedds/cyclonedds/sylixOS_ddsc/bin/cunit_ddsc" "-s" "ddsc_deadline" "-t" "writer_types"
Directory: D:/MSYS2/download/SylixOS_cyclonedds/cyclonedds/sylixOS_ddsc/src/core/ddsc/tests
"CUnit_ddsc_deadline_writer_types" start time: Dec 22 16:57 中国标准时间
Output:
----------------------------------------------------------
<end of output>
Test time =   0.00 sec
----------------------------------------------------------
Test Failed.
"CUnit_ddsc_deadline_writer_types" end time: Dec 22 16:57 中国标准时间
"CUnit_ddsc_deadline_writer_types" time elapsed: 00:00:00
----------------------------------------------------------

955/961 Testing: CUnit_ddsc_deadline_instances
955/961 Test: CUnit_ddsc_deadline_instances
Command: "D:/MSYS2/download/SylixOS_cyclonedds/cyclonedds/sylixOS_ddsc/bin/cunit_ddsc" "-s" "ddsc_deadline" "-t" "instances"
Directory: D:/MSYS2/download/SylixOS_cyclonedds/cyclonedds/sylixOS_ddsc/src/core/ddsc/tests
"CUnit_ddsc_deadline_instances" start time: Dec 22 16:57 中国标准时间
Output:
----------------------------------------------------------
<end of output>
Test time =   0.00 sec
----------------------------------------------------------
Test Failed.
"CUnit_ddsc_deadline_instances" end time: Dec 22 16:57 中国标准时间
"CUnit_ddsc_deadline_instances" time elapsed: 00:00:00
----------------------------------------------------------

956/961 Testing: CUnit_qos_provider_create
956/961 Test: CUnit_qos_provider_create
Command: "D:/MSYS2/download/SylixOS_cyclonedds/cyclonedds/sylixOS_ddsc/bin/cunit_ddsc" "-s" "qos_provider" "-t" "create"
Directory: D:/MSYS2/download/SylixOS_cyclonedds/cyclonedds/sylixOS_ddsc/src/core/ddsc/tests
"CUnit_qos_provider_create" start time: Dec 22 16:57 中国标准时间
Output:
----------------------------------------------------------
<end of output>
Test time =   0.00 sec
----------------------------------------------------------
Test Failed.
"CUnit_qos_provider_create" end time: Dec 22 16:57 中国标准时间
"CUnit_qos_provider_create" time elapsed: 00:00:00
----------------------------------------------------------

957/961 Testing: CUnit_qos_provider_create_scope
957/961 Test: CUnit_qos_provider_create_scope
Command: "D:/MSYS2/download/SylixOS_cyclonedds/cyclonedds/sylixOS_ddsc/bin/cunit_ddsc" "-s" "qos_provider" "-t" "create_scope"
Directory: D:/MSYS2/download/SylixOS_cyclonedds/cyclonedds/sylixOS_ddsc/src/core/ddsc/tests
"CUnit_qos_provider_create_scope" start time: Dec 22 16:57 中国标准时间
Output:
----------------------------------------------------------
<end of output>
Test time =   0.00 sec
----------------------------------------------------------
Test Failed.
"CUnit_qos_provider_create_scope" end time: Dec 22 16:57 中国标准时间
"CUnit_qos_provider_create_scope" time elapsed: 00:00:00
----------------------------------------------------------

958/961 Testing: CUnit_qos_provider_get_qos
958/961 Test: CUnit_qos_provider_get_qos
Command: "D:/MSYS2/download/SylixOS_cyclonedds/cyclonedds/sylixOS_ddsc/bin/cunit_ddsc" "-s" "qos_provider" "-t" "get_qos"
Directory: D:/MSYS2/download/SylixOS_cyclonedds/cyclonedds/sylixOS_ddsc/src/core/ddsc/tests
"CUnit_qos_provider_get_qos" start time: Dec 22 16:57 中国标准时间
Output:
----------------------------------------------------------
<end of output>
Test time =   0.00 sec
----------------------------------------------------------
Test Failed.
"CUnit_qos_provider_get_qos" end time: Dec 22 16:57 中国标准时间
"CUnit_qos_provider_get_qos" time elapsed: 00:00:00
----------------------------------------------------------

959/961 Testing: CUnit_qos_provider_get_qos_default
959/961 Test: CUnit_qos_provider_get_qos_default
Command: "D:/MSYS2/download/SylixOS_cyclonedds/cyclonedds/sylixOS_ddsc/bin/cunit_ddsc" "-s" "qos_provider" "-t" "get_qos_default"
Directory: D:/MSYS2/download/SylixOS_cyclonedds/cyclonedds/sylixOS_ddsc/src/core/ddsc/tests
"CUnit_qos_provider_get_qos_default" start time: Dec 22 16:57 中国标准时间
Output:
----------------------------------------------------------
<end of output>
Test time =   0.00 sec
----------------------------------------------------------
Test Failed.
"CUnit_qos_provider_get_qos_default" end time: Dec 22 16:57 中国标准时间
"CUnit_qos_provider_get_qos_default" time elapsed: 00:00:00
----------------------------------------------------------

960/961 Testing: CUnit_qos_provider_get_qos_all
960/961 Test: CUnit_qos_provider_get_qos_all
Command: "D:/MSYS2/download/SylixOS_cyclonedds/cyclonedds/sylixOS_ddsc/bin/cunit_ddsc" "-s" "qos_provider" "-t" "get_qos_all"
Directory: D:/MSYS2/download/SylixOS_cyclonedds/cyclonedds/sylixOS_ddsc/src/core/ddsc/tests
"CUnit_qos_provider_get_qos_all" start time: Dec 22 16:57 中国标准时间
Output:
----------------------------------------------------------
<end of output>
Test time =   0.00 sec
----------------------------------------------------------
Test Failed.
"CUnit_qos_provider_get_qos_all" end time: Dec 22 16:57 中国标准时间
"CUnit_qos_provider_get_qos_all" time elapsed: 00:00:00
----------------------------------------------------------

961/961 Testing: CUnit_qos_provider_create_wrong_qos
961/961 Test: CUnit_qos_provider_create_wrong_qos
Command: "D:/MSYS2/download/SylixOS_cyclonedds/cyclonedds/sylixOS_ddsc/bin/cunit_ddsc" "-s" "qos_provider" "-t" "create_wrong_qos"
Directory: D:/MSYS2/download/SylixOS_cyclonedds/cyclonedds/sylixOS_ddsc/src/core/ddsc/tests
"CUnit_qos_provider_create_wrong_qos" start time: Dec 22 16:57 中国标准时间
Output:
----------------------------------------------------------
<end of output>
Test time =   0.00 sec
----------------------------------------------------------
Test Failed.
"CUnit_qos_provider_create_wrong_qos" end time: Dec 22 16:57 中国标准时间
"CUnit_qos_provider_create_wrong_qos" time elapsed: 00:00:00
----------------------------------------------------------

End testing: Dec 22 16:57 中国标准时间
